{
  "stats": {
    "suites": 12,
    "tests": 12,
    "passes": 7,
    "pending": 0,
    "failures": 5,
    "start": "2021-10-22T01:59:55.563Z",
    "end": "2021-10-22T02:00:52.075Z",
    "duration": 56512,
    "testsRegistered": 12,
    "passPercent": 58.333333333333336,
    "pendingPercent": 0,
    "other": 0,
    "hasOther": false,
    "skipped": 0,
    "hasSkipped": false
  },
  "results": [
    {
      "uuid": "aa902c45-6bfa-439e-88e9-f5e7f8a004d1",
      "title": "",
      "fullFile": "cypress/integration/project.spec.js",
      "file": "cypress/integration/project.spec.js",
      "beforeHooks": [],
      "afterHooks": [],
      "tests": [],
      "suites": [
        {
          "uuid": "77488429-7c24-4ca5-921f-f17c647a9b62",
          "title": "Shopping Cart Project",
          "fullFile": "",
          "file": "",
          "beforeHooks": [],
          "afterHooks": [],
          "tests": [],
          "suites": [
            {
              "uuid": "36ad59b6-0ffc-4b24-a32a-f8c22f02d59e",
              "title": "1 - Crie uma listagem de produtos",
              "fullFile": "",
              "file": "",
              "beforeHooks": [],
              "afterHooks": [],
              "tests": [
                {
                  "title": "Listagem de produtos",
                  "fullTitle": "Shopping Cart Project 1 - Crie uma listagem de produtos Listagem de produtos",
                  "timedOut": null,
                  "duration": 474,
                  "state": "passed",
                  "speed": "slow",
                  "pass": true,
                  "fail": false,
                  "pending": false,
                  "context": null,
                  "code": "cy.get(ITEM_SELECTOR).should('exist').should('have.length', results.length);",
                  "err": {},
                  "uuid": "23c90845-7af0-44b9-95ff-156833a03622",
                  "parentUUID": "36ad59b6-0ffc-4b24-a32a-f8c22f02d59e",
                  "isHook": false,
                  "skipped": false
                }
              ],
              "suites": [],
              "passes": [
                "23c90845-7af0-44b9-95ff-156833a03622"
              ],
              "failures": [],
              "pending": [],
              "skipped": [],
              "duration": 474,
              "root": false,
              "rootEmpty": false,
              "_timeout": 2000
            },
            {
              "uuid": "512fa40d-4598-48b7-a9ed-b6d1d8551c26",
              "title": "2 - Adicione o produto ao carrinho de compras",
              "fullFile": "",
              "file": "",
              "beforeHooks": [],
              "afterHooks": [],
              "tests": [
                {
                  "title": "Adicione o produto ao carrinho de compras",
                  "fullTitle": "Shopping Cart Project 2 - Adicione o produto ao carrinho de compras Adicione o produto ao carrinho de compras",
                  "timedOut": null,
                  "duration": 1452,
                  "state": "passed",
                  "speed": "slow",
                  "pass": true,
                  "fail": false,
                  "pending": false,
                  "context": null,
                  "code": "cy.wait(1000);\naddToCart(36);\ncountCart(1);\nconsole.log(results[36].id, results[36].title);\ncy.get(CART_ITEMS).children().first().should('have.text', \"SKU: \".concat(results[36].id, \" | NAME: \").concat(results[36].title, \" | PRICE: $\").concat(results[36].price));",
                  "err": {},
                  "uuid": "385b7ed7-cf52-4534-9db0-749f6adebf0e",
                  "parentUUID": "512fa40d-4598-48b7-a9ed-b6d1d8551c26",
                  "isHook": false,
                  "skipped": false
                }
              ],
              "suites": [],
              "passes": [
                "385b7ed7-cf52-4534-9db0-749f6adebf0e"
              ],
              "failures": [],
              "pending": [],
              "skipped": [],
              "duration": 1452,
              "root": false,
              "rootEmpty": false,
              "_timeout": 2000
            },
            {
              "uuid": "1170125b-7749-4e96-bad5-ab1d02a3769f",
              "title": "3 - Remova o item do carrinho de compras ao clicar nele",
              "fullFile": "",
              "file": "",
              "beforeHooks": [],
              "afterHooks": [],
              "tests": [
                {
                  "title": "Remova o item do carrinho de compras ao clicar nele",
                  "fullTitle": "Shopping Cart Project 3 - Remova o item do carrinho de compras ao clicar nele Remova o item do carrinho de compras ao clicar nele",
                  "timedOut": null,
                  "duration": 898,
                  "state": "passed",
                  "speed": "slow",
                  "pass": true,
                  "fail": false,
                  "pending": false,
                  "context": null,
                  "code": "addToCart(29);\naddToCart(31);\naddToCart(15);\ncy.get(CART_ITEMS).children().eq(1).click();\ncountCart(2);\ncy.get(CART_ITEMS).children().eq(1).click();\ncountCart(1);\ncy.get(CART_ITEMS).children().eq(0).click();\ncountCart(0);",
                  "err": {},
                  "uuid": "f434aec9-9177-4f23-8f94-98392dbfbaac",
                  "parentUUID": "1170125b-7749-4e96-bad5-ab1d02a3769f",
                  "isHook": false,
                  "skipped": false
                }
              ],
              "suites": [],
              "passes": [
                "f434aec9-9177-4f23-8f94-98392dbfbaac"
              ],
              "failures": [],
              "pending": [],
              "skipped": [],
              "duration": 898,
              "root": false,
              "rootEmpty": false,
              "_timeout": 2000
            },
            {
              "uuid": "3699b8b7-f02f-4960-9f69-712a09fdccea",
              "title": "4 - Carregue o carrinho de compras através do **LocalStorage** ao iniciar a página",
              "fullFile": "",
              "file": "",
              "beforeHooks": [],
              "afterHooks": [],
              "tests": [
                {
                  "title": "Carregue o carrinho de compras através do **LocalStorage** ao iniciar a página",
                  "fullTitle": "Shopping Cart Project 4 - Carregue o carrinho de compras através do **LocalStorage** ao iniciar a página Carregue o carrinho de compras através do **LocalStorage** ao iniciar a página",
                  "timedOut": null,
                  "duration": 2850,
                  "state": "passed",
                  "speed": "slow",
                  "pass": true,
                  "fail": false,
                  "pending": false,
                  "context": null,
                  "code": "var first = 36;\nvar last = 29;\naddToCart(first);\ncy.wait(1000);\ncountCart(1);\ncy.get(CART_ITEMS).children().first().should('have.text', \"SKU: \".concat(results[first].id, \" | NAME: \").concat(results[first].title, \" | PRICE: $\").concat(results[first].price));\naddToCart(last);\ncy.wait(1000);\ncy.get(CART_ITEMS).children().last().should('have.text', \"SKU: \".concat(results[last].id, \" | NAME: \").concat(results[last].title, \" | PRICE: $\").concat(results[last].price));\ncy.reload({\n  onBeforeLoad: function onBeforeLoad(win) {\n    win.fetch = fetchMock;\n  }\n});\ncy.get(CART_ITEMS).children().first().should('have.text', \"SKU: \".concat(results[first].id, \" | NAME: \").concat(results[first].title, \" | PRICE: $\").concat(results[first].price));\ncy.get(CART_ITEMS).children().last().should('have.text', \"SKU: \".concat(results[last].id, \" | NAME: \").concat(results[last].title, \" | PRICE: $\").concat(results[last].price));",
                  "err": {},
                  "uuid": "cbafa8dc-58dc-4e80-9ad2-4adf9ba84166",
                  "parentUUID": "3699b8b7-f02f-4960-9f69-712a09fdccea",
                  "isHook": false,
                  "skipped": false
                },
                {
                  "title": "Deverá ser possível remover items do carrinho ao clicar sobre eles mesmo após regarregar a página",
                  "fullTitle": "Shopping Cart Project 4 - Carregue o carrinho de compras através do **LocalStorage** ao iniciar a página Deverá ser possível remover items do carrinho ao clicar sobre eles mesmo após regarregar a página",
                  "timedOut": null,
                  "duration": 843,
                  "state": "passed",
                  "speed": "slow",
                  "pass": true,
                  "fail": false,
                  "pending": false,
                  "context": null,
                  "code": "addToCart(29);\naddToCart(31);\naddToCart(15);\ncy.reload({\n  onBeforeLoad: function onBeforeLoad(win) {\n    win.fetch = fetchMock;\n  }\n});\ncy.get(CART_ITEMS).children().eq(1).click();\ncountCart(2);\ncy.get(CART_ITEMS).children().eq(1).click();\ncountCart(1);\ncy.get(CART_ITEMS).children().eq(0).click();\ncountCart(0);",
                  "err": {},
                  "uuid": "ac6e10ed-8edd-4363-b7dd-9c9db2952c5a",
                  "parentUUID": "3699b8b7-f02f-4960-9f69-712a09fdccea",
                  "isHook": false,
                  "skipped": false
                }
              ],
              "suites": [],
              "passes": [
                "cbafa8dc-58dc-4e80-9ad2-4adf9ba84166",
                "ac6e10ed-8edd-4363-b7dd-9c9db2952c5a"
              ],
              "failures": [],
              "pending": [],
              "skipped": [],
              "duration": 3693,
              "root": false,
              "rootEmpty": false,
              "_timeout": 2000
            },
            {
              "uuid": "61d8eb0d-2d6b-4766-83da-c537e98d0a1d",
              "title": "5 - Some o valor total dos itens do carrinho de compras de forma assíncrona",
              "fullFile": "",
              "file": "",
              "beforeHooks": [],
              "afterHooks": [],
              "tests": [
                {
                  "title": "Some o valor total dos itens do carrinho de compras de forma assíncrona",
                  "fullTitle": "Shopping Cart Project 5 - Some o valor total dos itens do carrinho de compras de forma assíncrona Some o valor total dos itens do carrinho de compras de forma assíncrona",
                  "timedOut": null,
                  "duration": 5514,
                  "state": "failed",
                  "speed": null,
                  "pass": false,
                  "fail": true,
                  "pending": false,
                  "context": null,
                  "code": "cy.visit(PROJECT_URL, {\n  onBeforeLoad: function onBeforeLoad(win) {\n    win.fetch = fetchMock;\n  }\n});\naddToCart(5);\ncheckPrice(results, [5]);\naddToCart(42);\ncheckPrice(results, [5, 42]);\naddToCart(36);\ncheckPrice(results, [5, 42, 36]);\naddToCart(15);\ncheckPrice(results, [5, 42, 36, 15]);\ncy.get(CART_ITEMS).children().eq(1).click();\ncheckPrice(results, [5, 36, 15]);",
                  "err": {
                    "message": "AssertionError: Timed out retrying: Expected to find element: `.total-price`, but never found it.",
                    "estack": "AssertionError: Timed out retrying: Expected to find element: `.total-price`, but never found it.\n    at ensureExistence (http://localhost:36803/__cypress/runner/cypress_runner.js:137261:32)\n    at Object.ensureElExistence (http://localhost:36803/__cypress/runner/cypress_runner.js:137279:12)\n    at ensureExistence (http://localhost:36803/__cypress/runner/cypress_runner.js:127867:23)\n    at onFailFn (http://localhost:36803/__cypress/runner/cypress_runner.js:127905:9)\n    at tryCatcher (http://localhost:36803/__cypress/runner/cypress_runner.js:9059:23)\n    at Promise._settlePromiseFromHandler (http://localhost:36803/__cypress/runner/cypress_runner.js:6994:31)\n    at Promise._settlePromise (http://localhost:36803/__cypress/runner/cypress_runner.js:7051:18)\n    at Promise._settlePromise0 (http://localhost:36803/__cypress/runner/cypress_runner.js:7096:10)\n    at Promise._settlePromises (http://localhost:36803/__cypress/runner/cypress_runner.js:7172:18)\n    at _drainQueueStep (http://localhost:36803/__cypress/runner/cypress_runner.js:3766:12)\n    at _drainQueue (http://localhost:36803/__cypress/runner/cypress_runner.js:3759:9)\n    at Async.../../node_modules/bluebird/js/release/async.js.Async._drainQueues (http://localhost:36803/__cypress/runner/cypress_runner.js:3775:5)\n    at Async.drainQueues (http://localhost:36803/__cypress/runner/cypress_runner.js:3645:14)",
                    "diff": null
                  },
                  "uuid": "05241da4-d53c-42bf-83c0-e611fb358a91",
                  "parentUUID": "61d8eb0d-2d6b-4766-83da-c537e98d0a1d",
                  "isHook": false,
                  "skipped": false
                }
              ],
              "suites": [],
              "passes": [],
              "failures": [
                "05241da4-d53c-42bf-83c0-e611fb358a91"
              ],
              "pending": [],
              "skipped": [],
              "duration": 5514,
              "root": false,
              "rootEmpty": false,
              "_timeout": 2000
            },
            {
              "uuid": "a51c0f40-c244-4f50-8b71-e5e9e5216f5b",
              "title": "6 - Crie um botão para limpar carrinho de compras",
              "fullFile": "",
              "file": "",
              "beforeHooks": [],
              "afterHooks": [],
              "tests": [
                {
                  "title": "Botão para limpar carrinho de compras",
                  "fullTitle": "Shopping Cart Project 6 - Crie um botão para limpar carrinho de compras Botão para limpar carrinho de compras",
                  "timedOut": null,
                  "duration": 5127,
                  "state": "failed",
                  "speed": null,
                  "pass": false,
                  "fail": true,
                  "pending": false,
                  "context": null,
                  "code": "addToCart(3);\naddToCart(0);\naddToCart(1);\ncountCart(3);\ncy.get(EMPTY_CART_BUTTON).click();\ncountCart(0);",
                  "err": {
                    "message": "AssertionError: Timed out retrying: Too many elements found. Found '3', expected '0'.",
                    "estack": "AssertionError: Timed out retrying: Too many elements found. Found '3', expected '0'.\n    at applyChainer (http://localhost:36803/__cypress/runner/cypress_runner.js:131707:32)\n    at http://localhost:36803/__cypress/runner/cypress_runner.js:131748:16\n    at arrayReduce (http://localhost:36803/__cypress/runner/cypress_runner.js:18403:21)\n    at Function.reduce (http://localhost:36803/__cypress/runner/cypress_runner.js:27401:14)\n    at applyChainers (http://localhost:36803/__cypress/runner/cypress_runner.js:131738:18)\n    at tryCatcher (http://localhost:36803/__cypress/runner/cypress_runner.js:9059:23)\n    at Function.Promise.attempt.Promise.try (http://localhost:36803/__cypress/runner/cypress_runner.js:6333:29)\n    at Context.shouldFn (http://localhost:36803/__cypress/runner/cypress_runner.js:131752:23)\n    at Context.should (http://localhost:36803/__cypress/runner/cypress_runner.js:131767:23)\n    at http://localhost:36803/__cypress/runner/cypress_runner.js:127819:39\n    at assertions (http://localhost:36803/__cypress/runner/cypress_runner.js:128079:14)\n    at tryCatcher (http://localhost:36803/__cypress/runner/cypress_runner.js:9059:23)\n    at Object.gotValue (http://localhost:36803/__cypress/runner/cypress_runner.js:8203:18)\n    at Object.gotAccum (http://localhost:36803/__cypress/runner/cypress_runner.js:8190:25)\n    at Object.tryCatcher (http://localhost:36803/__cypress/runner/cypress_runner.js:9059:23)\n    at Promise._settlePromiseFromHandler (http://localhost:36803/__cypress/runner/cypress_runner.js:6994:31)",
                    "diff": null
                  },
                  "uuid": "4614a8d4-9c92-4d14-a4e9-239a0df509f6",
                  "parentUUID": "a51c0f40-c244-4f50-8b71-e5e9e5216f5b",
                  "isHook": false,
                  "skipped": false
                }
              ],
              "suites": [],
              "passes": [],
              "failures": [
                "4614a8d4-9c92-4d14-a4e9-239a0df509f6"
              ],
              "pending": [],
              "skipped": [],
              "duration": 5127,
              "root": false,
              "rootEmpty": false,
              "_timeout": 2000
            },
            {
              "uuid": "1651bfd8-2887-4139-89b5-66124209ad15",
              "title": "7 - Adicione um texto de `carregando` durante uma requisição à API",
              "fullFile": "",
              "file": "",
              "beforeHooks": [],
              "afterHooks": [],
              "tests": [
                {
                  "title": "Adicionar um texto de \"carregando\" durante uma requisição à API",
                  "fullTitle": "Shopping Cart Project 7 - Adicione um texto de `carregando` durante uma requisição à API Adicionar um texto de \"carregando\" durante uma requisição à API",
                  "timedOut": null,
                  "duration": 4492,
                  "state": "failed",
                  "speed": null,
                  "pass": false,
                  "fail": true,
                  "pending": false,
                  "context": null,
                  "code": "cy.visit(PROJECT_URL);\ncy.get(LOADING).should('exist').wait(3000).should('not.exist');",
                  "err": {
                    "message": "AssertionError: Timed out retrying: Expected to find element: `.loading`, but never found it.",
                    "estack": "AssertionError: Timed out retrying: Expected to find element: `.loading`, but never found it.\n    at ensureExistence (http://localhost:36803/__cypress/runner/cypress_runner.js:137261:32)\n    at Object.ensureElExistence (http://localhost:36803/__cypress/runner/cypress_runner.js:137279:12)\n    at ensureExistence (http://localhost:36803/__cypress/runner/cypress_runner.js:127867:23)\n    at onFailFn (http://localhost:36803/__cypress/runner/cypress_runner.js:127905:9)\n    at tryCatcher (http://localhost:36803/__cypress/runner/cypress_runner.js:9059:23)\n    at Promise._settlePromiseFromHandler (http://localhost:36803/__cypress/runner/cypress_runner.js:6994:31)\n    at Promise._settlePromise (http://localhost:36803/__cypress/runner/cypress_runner.js:7051:18)\n    at Promise._settlePromise0 (http://localhost:36803/__cypress/runner/cypress_runner.js:7096:10)\n    at Promise._settlePromises (http://localhost:36803/__cypress/runner/cypress_runner.js:7172:18)\n    at _drainQueueStep (http://localhost:36803/__cypress/runner/cypress_runner.js:3766:12)\n    at _drainQueue (http://localhost:36803/__cypress/runner/cypress_runner.js:3759:9)\n    at Async.../../node_modules/bluebird/js/release/async.js.Async._drainQueues (http://localhost:36803/__cypress/runner/cypress_runner.js:3775:5)\n    at Async.drainQueues (http://localhost:36803/__cypress/runner/cypress_runner.js:3645:14)",
                    "diff": null
                  },
                  "uuid": "7375b385-9bc4-4582-92e3-1db3b2e52630",
                  "parentUUID": "1651bfd8-2887-4139-89b5-66124209ad15",
                  "isHook": false,
                  "skipped": false
                }
              ],
              "suites": [],
              "passes": [],
              "failures": [
                "7375b385-9bc4-4582-92e3-1db3b2e52630"
              ],
              "pending": [],
              "skipped": [],
              "duration": 4492,
              "root": false,
              "rootEmpty": false,
              "_timeout": 2000
            },
            {
              "uuid": "dc6ac6a2-a743-4e93-87fd-da2a5a073b60",
              "title": "8 - Desenvolva testes para atingir 40% de cobertura",
              "fullFile": "",
              "file": "",
              "beforeHooks": [],
              "afterHooks": [],
              "tests": [
                {
                  "title": "Verifica a cobertura de testes unitários",
                  "fullTitle": "Shopping Cart Project 8 - Desenvolva testes para atingir 40% de cobertura Verifica a cobertura de testes unitários",
                  "timedOut": null,
                  "duration": 9159,
                  "state": "passed",
                  "speed": "slow",
                  "pass": true,
                  "fail": false,
                  "pending": false,
                  "context": null,
                  "code": "cy.exec('npm run test:coverage -- --coverageReporters=\"json-summary\" --testFailureExitCode=0');\ncy.readFile('coverage/coverage-summary.json').its('total.functions.pct').should('be.gte', 40.00);",
                  "err": {},
                  "uuid": "0416c0c9-3cbb-4f2e-9953-4ed4702fa888",
                  "parentUUID": "dc6ac6a2-a743-4e93-87fd-da2a5a073b60",
                  "isHook": false,
                  "skipped": false
                }
              ],
              "suites": [],
              "passes": [
                "0416c0c9-3cbb-4f2e-9953-4ed4702fa888"
              ],
              "failures": [],
              "pending": [],
              "skipped": [],
              "duration": 9159,
              "root": false,
              "rootEmpty": false,
              "_timeout": 2000
            },
            {
              "uuid": "5e0379f2-f817-4a97-ae47-2ee3d3129e68",
              "title": "9 - Desenvolva testes para atingir 60% de cobertura",
              "fullFile": "",
              "file": "",
              "beforeHooks": [],
              "afterHooks": [],
              "tests": [
                {
                  "title": "Verifica a cobertura de testes unitários",
                  "fullTitle": "Shopping Cart Project 9 - Desenvolva testes para atingir 60% de cobertura Verifica a cobertura de testes unitários",
                  "timedOut": null,
                  "duration": 5801,
                  "state": "passed",
                  "speed": "slow",
                  "pass": true,
                  "fail": false,
                  "pending": false,
                  "context": null,
                  "code": "cy.exec('npm run test:coverage -- --coverageReporters=\"json-summary\" --testFailureExitCode=0');\ncy.readFile('coverage/coverage-summary.json').its('total.functions.pct').should('be.gte', 60.00);",
                  "err": {},
                  "uuid": "61083415-862c-41aa-a1bc-01ecaa5ac424",
                  "parentUUID": "5e0379f2-f817-4a97-ae47-2ee3d3129e68",
                  "isHook": false,
                  "skipped": false
                }
              ],
              "suites": [],
              "passes": [
                "61083415-862c-41aa-a1bc-01ecaa5ac424"
              ],
              "failures": [],
              "pending": [],
              "skipped": [],
              "duration": 5801,
              "root": false,
              "rootEmpty": false,
              "_timeout": 2000
            },
            {
              "uuid": "69f10690-8a5e-4c63-af0e-6e7ad45ce350",
              "title": "10 - Desenvolva testes para atingir 80% de cobertura",
              "fullFile": "",
              "file": "",
              "beforeHooks": [],
              "afterHooks": [],
              "tests": [
                {
                  "title": "Verifica a cobertura de testes unitários",
                  "fullTitle": "Shopping Cart Project 10 - Desenvolva testes para atingir 80% de cobertura Verifica a cobertura de testes unitários",
                  "timedOut": null,
                  "duration": 9224,
                  "state": "failed",
                  "speed": null,
                  "pass": false,
                  "fail": true,
                  "pending": false,
                  "context": null,
                  "code": "cy.exec('npm run test:coverage -- --coverageReporters=\"json-summary\" --testFailureExitCode=0');\ncy.readFile('coverage/coverage-summary.json').its('total.functions.pct').should('be.gte', 80.00);",
                  "err": {
                    "message": "AssertionError: Timed out retrying: expected 77.78 to be at least 80",
                    "estack": "AssertionError: Timed out retrying: expected 77.78 to be at least 80\n    at applyChainer (http://localhost:36803/__cypress/runner/cypress_runner.js:131707:32)\n    at http://localhost:36803/__cypress/runner/cypress_runner.js:131748:16\n    at arrayReduce (http://localhost:36803/__cypress/runner/cypress_runner.js:18403:21)\n    at Function.reduce (http://localhost:36803/__cypress/runner/cypress_runner.js:27401:14)\n    at applyChainers (http://localhost:36803/__cypress/runner/cypress_runner.js:131738:18)\n    at tryCatcher (http://localhost:36803/__cypress/runner/cypress_runner.js:9059:23)\n    at Function.Promise.attempt.Promise.try (http://localhost:36803/__cypress/runner/cypress_runner.js:6333:29)\n    at Context.shouldFn (http://localhost:36803/__cypress/runner/cypress_runner.js:131752:23)\n    at Context.should (http://localhost:36803/__cypress/runner/cypress_runner.js:131767:23)\n    at http://localhost:36803/__cypress/runner/cypress_runner.js:127819:39\n    at assertions (http://localhost:36803/__cypress/runner/cypress_runner.js:128079:14)\n    at tryCatcher (http://localhost:36803/__cypress/runner/cypress_runner.js:9059:23)\n    at Object.gotValue (http://localhost:36803/__cypress/runner/cypress_runner.js:8203:18)\n    at Object.gotAccum (http://localhost:36803/__cypress/runner/cypress_runner.js:8190:25)\n    at Object.tryCatcher (http://localhost:36803/__cypress/runner/cypress_runner.js:9059:23)\n    at Promise._settlePromiseFromHandler (http://localhost:36803/__cypress/runner/cypress_runner.js:6994:31)",
                    "diff": "- 77.78\n+ 80\n"
                  },
                  "uuid": "866dd8f6-caab-4bb4-a2fa-95ad8319dbc5",
                  "parentUUID": "69f10690-8a5e-4c63-af0e-6e7ad45ce350",
                  "isHook": false,
                  "skipped": false
                }
              ],
              "suites": [],
              "passes": [],
              "failures": [
                "866dd8f6-caab-4bb4-a2fa-95ad8319dbc5"
              ],
              "pending": [],
              "skipped": [],
              "duration": 9224,
              "root": false,
              "rootEmpty": false,
              "_timeout": 2000
            },
            {
              "uuid": "80daabf0-3872-427d-9f3b-ff00816b2204",
              "title": "11 - Desenvolva testes para atingir 100% de cobertura",
              "fullFile": "",
              "file": "",
              "beforeHooks": [],
              "afterHooks": [],
              "tests": [
                {
                  "title": "Verifica a cobertura de testes unitários",
                  "fullTitle": "Shopping Cart Project 11 - Desenvolva testes para atingir 100% de cobertura Verifica a cobertura de testes unitários",
                  "timedOut": null,
                  "duration": 10239,
                  "state": "failed",
                  "speed": null,
                  "pass": false,
                  "fail": true,
                  "pending": false,
                  "context": null,
                  "code": "cy.exec('npm run test:coverage -- --coverageReporters=\"json-summary\" --testFailureExitCode=0');\ncy.readFile('coverage/coverage-summary.json').its('total.functions.pct').should('be.gte', 100.00);",
                  "err": {
                    "message": "AssertionError: Timed out retrying: expected 77.78 to be at least 100",
                    "estack": "AssertionError: Timed out retrying: expected 77.78 to be at least 100\n    at applyChainer (http://localhost:36803/__cypress/runner/cypress_runner.js:131707:32)\n    at http://localhost:36803/__cypress/runner/cypress_runner.js:131748:16\n    at arrayReduce (http://localhost:36803/__cypress/runner/cypress_runner.js:18403:21)\n    at Function.reduce (http://localhost:36803/__cypress/runner/cypress_runner.js:27401:14)\n    at applyChainers (http://localhost:36803/__cypress/runner/cypress_runner.js:131738:18)\n    at tryCatcher (http://localhost:36803/__cypress/runner/cypress_runner.js:9059:23)\n    at Function.Promise.attempt.Promise.try (http://localhost:36803/__cypress/runner/cypress_runner.js:6333:29)\n    at Context.shouldFn (http://localhost:36803/__cypress/runner/cypress_runner.js:131752:23)\n    at Context.should (http://localhost:36803/__cypress/runner/cypress_runner.js:131767:23)\n    at http://localhost:36803/__cypress/runner/cypress_runner.js:127819:39\n    at assertions (http://localhost:36803/__cypress/runner/cypress_runner.js:128079:14)\n    at tryCatcher (http://localhost:36803/__cypress/runner/cypress_runner.js:9059:23)\n    at Object.gotValue (http://localhost:36803/__cypress/runner/cypress_runner.js:8203:18)\n    at Object.gotAccum (http://localhost:36803/__cypress/runner/cypress_runner.js:8190:25)\n    at Object.tryCatcher (http://localhost:36803/__cypress/runner/cypress_runner.js:9059:23)\n    at Promise._settlePromiseFromHandler (http://localhost:36803/__cypress/runner/cypress_runner.js:6994:31)",
                    "diff": "- 77.78\n+ 100\n"
                  },
                  "uuid": "93438e58-215f-4abb-a57f-b07d7f7d9d6c",
                  "parentUUID": "80daabf0-3872-427d-9f3b-ff00816b2204",
                  "isHook": false,
                  "skipped": false
                }
              ],
              "suites": [],
              "passes": [],
              "failures": [
                "93438e58-215f-4abb-a57f-b07d7f7d9d6c"
              ],
              "pending": [],
              "skipped": [],
              "duration": 10239,
              "root": false,
              "rootEmpty": false,
              "_timeout": 2000
            }
          ],
          "passes": [],
          "failures": [],
          "pending": [],
          "skipped": [],
          "duration": 0,
          "root": false,
          "rootEmpty": false,
          "_timeout": 2000
        }
      ],
      "passes": [],
      "failures": [],
      "pending": [],
      "skipped": [],
      "duration": 0,
      "root": true,
      "rootEmpty": true,
      "_timeout": 2000
    }
  ],
  "meta": {
    "mocha": {
      "version": "7.1.1"
    },
    "mochawesome": {
      "options": {
        "quiet": false,
        "reportFilename": "mochawesome",
        "saveHtml": false,
        "saveJson": true,
        "consoleReporter": "spec",
        "useInlineDiffs": false,
        "code": true
      },
      "version": "5.0.0"
    },
    "marge": {
      "options": {
        "id": "default",
        "reportDir": "cypress/reports",
        "overwrite": true,
        "html": false,
        "json": true
      },
      "version": "4.1.0"
    }
  }
}