{
  "stats": {
    "suites": 12,
    "tests": 41,
    "passes": 24,
    "pending": 0,
    "failures": 17,
    "start": "2021-09-12T00:14:36.313Z",
    "end": "2021-09-12T00:15:55.445Z",
    "duration": 79132,
    "testsRegistered": 41,
    "passPercent": 58.536585365853654,
    "pendingPercent": 0,
    "other": 0,
    "hasOther": false,
    "skipped": 0,
    "hasSkipped": false
  },
  "results": [
    {
      "uuid": "410cfd76-56c6-4483-92c1-abbf05abd2f1",
      "title": "",
      "fullFile": "cypress/integration/project.spec.js",
      "file": "cypress/integration/project.spec.js",
      "beforeHooks": [],
      "afterHooks": [],
      "tests": [],
      "suites": [
        {
          "uuid": "7c9545fb-dc18-46b8-b7af-5a3eca0f04b1",
          "title": "1 - Adicione à página o título \"Paleta de Cores\".",
          "fullFile": "",
          "file": "",
          "beforeHooks": [],
          "afterHooks": [],
          "tests": [
            {
              "title": "Verifica se contém um elemento `h1` com o id `title` com o título correto",
              "fullTitle": "1 - Adicione à página o título \"Paleta de Cores\". Verifica se contém um elemento `h1` com o id `title` com o título correto",
              "timedOut": null,
              "duration": 151,
              "state": "passed",
              "speed": "slow",
              "pass": true,
              "fail": false,
              "pending": false,
              "context": null,
              "code": "cy.get('h1#title').should('contain.text', 'Paleta de Cores');",
              "err": {},
              "uuid": "c8257f57-b49a-4432-b9c5-3974986075db",
              "parentUUID": "7c9545fb-dc18-46b8-b7af-5a3eca0f04b1",
              "isHook": false,
              "skipped": false
            }
          ],
          "suites": [],
          "passes": [
            "c8257f57-b49a-4432-b9c5-3974986075db"
          ],
          "failures": [],
          "pending": [],
          "skipped": [],
          "duration": 151,
          "root": false,
          "rootEmpty": false,
          "_timeout": 2000
        },
        {
          "uuid": "5fec6bf5-dcd8-45a4-8c25-5af97679398f",
          "title": "2 - Adicione à página uma paleta de quatro cores distintas.",
          "fullFile": "",
          "file": "",
          "beforeHooks": [],
          "afterHooks": [],
          "tests": [
            {
              "title": "A paleta de cores deve ser um elemento com `id` denominado `color-palette`",
              "fullTitle": "2 - Adicione à página uma paleta de quatro cores distintas. A paleta de cores deve ser um elemento com `id` denominado `color-palette`",
              "timedOut": null,
              "duration": 90,
              "state": "passed",
              "speed": "slow",
              "pass": true,
              "fail": false,
              "pending": false,
              "context": null,
              "code": "cy.get('#color-palette').should('be.visible');\ncy.get('#color-palette').children('.color');",
              "err": {},
              "uuid": "85de8a8e-5fd9-4d8b-a989-63512fbb640b",
              "parentUUID": "5fec6bf5-dcd8-45a4-8c25-5af97679398f",
              "isHook": false,
              "skipped": false
            },
            {
              "title": "Verifica se cada cor individual da paleta de cores possui a `classe` chamada `color`.",
              "fullTitle": "2 - Adicione à página uma paleta de quatro cores distintas. Verifica se cada cor individual da paleta de cores possui a `classe` chamada `color`.",
              "timedOut": null,
              "duration": 126,
              "state": "passed",
              "speed": "slow",
              "pass": true,
              "fail": false,
              "pending": false,
              "context": null,
              "code": "cy.get('.color').should('have.length', 4).then(function (colors) {\n  for (var i = 0; i < colors.length; i++) {\n    cy.wrap(colors[i]).should('be.visible');\n  }\n});",
              "err": {},
              "uuid": "e42ace76-9a4a-4e6c-ac9b-a73b837ce396",
              "parentUUID": "5fec6bf5-dcd8-45a4-8c25-5af97679398f",
              "isHook": false,
              "skipped": false
            },
            {
              "title": "Verifica se a cor de fundo de cada elemento da paleta é a cor que o elemento representa. **A única cor não permitida na paleta é a cor branca.**",
              "fullTitle": "2 - Adicione à página uma paleta de quatro cores distintas. Verifica se a cor de fundo de cada elemento da paleta é a cor que o elemento representa. **A única cor não permitida na paleta é a cor branca.**",
              "timedOut": null,
              "duration": 106,
              "state": "passed",
              "speed": "slow",
              "pass": true,
              "fail": false,
              "pending": false,
              "context": null,
              "code": "cy.get('.color').each(function (color) {\n  cy.wrap(color).should('have.class', 'color').and('not.have.css', 'background-color', WHITE);\n  cy.wrap(color).should('have.css', 'background-color');\n});",
              "err": {},
              "uuid": "2d0f5d00-6f35-4bf2-a2ae-f1d43e66fd90",
              "parentUUID": "5fec6bf5-dcd8-45a4-8c25-5af97679398f",
              "isHook": false,
              "skipped": false
            },
            {
              "title": "Verifica se cada elemento da paleta de cores tem uma borda preta, sólida e com 1 pixel de largura;",
              "fullTitle": "2 - Adicione à página uma paleta de quatro cores distintas. Verifica se cada elemento da paleta de cores tem uma borda preta, sólida e com 1 pixel de largura;",
              "timedOut": null,
              "duration": 104,
              "state": "passed",
              "speed": "slow",
              "pass": true,
              "fail": false,
              "pending": false,
              "context": null,
              "code": "cy.get('.color').each(function (color) {\n  cy.wrap(color).and('have.css', 'border', \"1px solid \".concat(BLACK)).and('have.class', 'color');\n});",
              "err": {},
              "uuid": "6c515740-a3f1-43d6-9762-39b3ceff957f",
              "parentUUID": "5fec6bf5-dcd8-45a4-8c25-5af97679398f",
              "isHook": false,
              "skipped": false
            },
            {
              "title": "Verifica se a paleta lista todas as cores disponíveis para utilização, lado a lado.",
              "fullTitle": "2 - Adicione à página uma paleta de quatro cores distintas. Verifica se a paleta lista todas as cores disponíveis para utilização, lado a lado.",
              "timedOut": null,
              "duration": 116,
              "state": "passed",
              "speed": "slow",
              "pass": true,
              "fail": false,
              "pending": false,
              "context": null,
              "code": "cy.get('.color').then(function (colors) {\n  for (var index = 1; index < colors.length; index += 1) {\n    var currentColor = colors[index];\n    var previousColor = colors[index - 1];\n    cy.wrap(currentColor).should('be.onTheRightOf', previousColor).and('be.horizontallyAlignedWith', previousColor);\n  }\n});",
              "err": {},
              "uuid": "d1255f07-7248-4352-a365-577fcfc64c37",
              "parentUUID": "5fec6bf5-dcd8-45a4-8c25-5af97679398f",
              "isHook": false,
              "skipped": false
            },
            {
              "title": "Verifica se a paleta de cores está posicionada abaixo do título 'Paleta de Cores'",
              "fullTitle": "2 - Adicione à página uma paleta de quatro cores distintas. Verifica se a paleta de cores está posicionada abaixo do título 'Paleta de Cores'",
              "timedOut": null,
              "duration": 127,
              "state": "passed",
              "speed": "slow",
              "pass": true,
              "fail": false,
              "pending": false,
              "context": null,
              "code": "cy.get('h1#title').then(function (title) {\n  cy.get('#color-palette').should('be.belowOf', title);\n});",
              "err": {},
              "uuid": "865237ca-a6f4-4551-9131-f54abde25ebf",
              "parentUUID": "5fec6bf5-dcd8-45a4-8c25-5af97679398f",
              "isHook": false,
              "skipped": false
            },
            {
              "title": "Verifica se a paleta de cores não contém cores repetidas.",
              "fullTitle": "2 - Adicione à página uma paleta de quatro cores distintas. Verifica se a paleta de cores não contém cores repetidas.",
              "timedOut": null,
              "duration": 96,
              "state": "passed",
              "speed": "slow",
              "pass": true,
              "fail": false,
              "pending": false,
              "context": null,
              "code": "cy.get('.color').then(function (colors) {\n  var allColors = Array.from(colors).map(function (color) {\n    return Cypress.$(color).css('background-color');\n  });\n  cy.log(allColors);\n  var uniqColors = (0, _toConsumableArray2[\"default\"])(new Set(allColors));\n  cy.log(uniqColors);\n  expect(allColors.length).to.eq(uniqColors.length);\n});",
              "err": {},
              "uuid": "aea697d2-2004-4e78-8ca8-1feb1fdcd603",
              "parentUUID": "5fec6bf5-dcd8-45a4-8c25-5af97679398f",
              "isHook": false,
              "skipped": false
            }
          ],
          "suites": [],
          "passes": [
            "85de8a8e-5fd9-4d8b-a989-63512fbb640b",
            "e42ace76-9a4a-4e6c-ac9b-a73b837ce396",
            "2d0f5d00-6f35-4bf2-a2ae-f1d43e66fd90",
            "6c515740-a3f1-43d6-9762-39b3ceff957f",
            "d1255f07-7248-4352-a365-577fcfc64c37",
            "865237ca-a6f4-4551-9131-f54abde25ebf",
            "aea697d2-2004-4e78-8ca8-1feb1fdcd603"
          ],
          "failures": [],
          "pending": [],
          "skipped": [],
          "duration": 765,
          "root": false,
          "rootEmpty": false,
          "_timeout": 2000
        },
        {
          "uuid": "d5d1511d-7954-4cf9-bd50-5d7200b6fce8",
          "title": "3 - Adicione a cor **preta** como a primeira cor da paleta de cores.",
          "fullFile": "",
          "file": "",
          "beforeHooks": [],
          "afterHooks": [],
          "tests": [
            {
              "title": "Verifica se a primeira cor da paleta é preta",
              "fullTitle": "3 - Adicione a cor **preta** como a primeira cor da paleta de cores. Verifica se a primeira cor da paleta é preta",
              "timedOut": null,
              "duration": 95,
              "state": "passed",
              "speed": "slow",
              "pass": true,
              "fail": false,
              "pending": false,
              "context": null,
              "code": "cy.get('.color').first().should('have.css', 'background-color', BLACK);",
              "err": {},
              "uuid": "aacf7843-f467-4968-8521-fc45a45f52f0",
              "parentUUID": "d5d1511d-7954-4cf9-bd50-5d7200b6fce8",
              "isHook": false,
              "skipped": false
            },
            {
              "title": "Verifica se as demais cores podem ser escolhidas livremente.",
              "fullTitle": "3 - Adicione a cor **preta** como a primeira cor da paleta de cores. Verifica se as demais cores podem ser escolhidas livremente.",
              "timedOut": null,
              "duration": 184,
              "state": "passed",
              "speed": "slow",
              "pass": true,
              "fail": false,
              "pending": false,
              "context": null,
              "code": "cy.get('.color').eq(1).should('not.have.css', 'background-color', BLACK);\ncy.get('.color').eq(1).should('not.have.css', 'background-color', WHITE);\ncy.get('.color').eq(1).should('not.have.css', 'background-color', 'rgba(0, 0, 0, 0)');\ncy.get('.color').eq(1).should('have.css', 'background-color');\ncy.get('.color').eq(2).should('not.have.css', 'background-color', BLACK);\ncy.get('.color').eq(2).should('not.have.css', 'background-color', WHITE);\ncy.get('.color').eq(2).should('not.have.css', 'background-color', 'rgba(0, 0, 0, 0)');\ncy.get('.color').eq(2).should('have.css', 'background-color');\ncy.get('.color').eq(3).should('not.have.css', 'background-color', BLACK);\ncy.get('.color').eq(3).should('not.have.css', 'background-color', WHITE);\ncy.get('.color').eq(3).should('not.have.css', 'background-color', 'rgba(0, 0, 0, 0)');\ncy.get('.color').eq(3).should('have.css', 'background-color');",
              "err": {},
              "uuid": "6221a0c2-c475-4715-90cf-e2fcfd62607b",
              "parentUUID": "d5d1511d-7954-4cf9-bd50-5d7200b6fce8",
              "isHook": false,
              "skipped": false
            }
          ],
          "suites": [],
          "passes": [
            "aacf7843-f467-4968-8521-fc45a45f52f0",
            "6221a0c2-c475-4715-90cf-e2fcfd62607b"
          ],
          "failures": [],
          "pending": [],
          "skipped": [],
          "duration": 279,
          "root": false,
          "rootEmpty": false,
          "_timeout": 2000
        },
        {
          "uuid": "ed9c65eb-5680-428a-83b8-551f0cd72fa6",
          "title": "4 - Adicione à página um quadro de pixels, com 25 pixels.",
          "fullFile": "",
          "file": "",
          "beforeHooks": [],
          "afterHooks": [],
          "tests": [
            {
              "title": "Verifica se o quadro de pixels possui o `id` denominado `pixel-board`",
              "fullTitle": "4 - Adicione à página um quadro de pixels, com 25 pixels. Verifica se o quadro de pixels possui o `id` denominado `pixel-board`",
              "timedOut": null,
              "duration": 80,
              "state": "passed",
              "speed": "slow",
              "pass": true,
              "fail": false,
              "pending": false,
              "context": null,
              "code": "cy.get('#pixel-board').should('be.visible');",
              "err": {},
              "uuid": "4d09c0ff-c2c7-4339-90a9-81479896419f",
              "parentUUID": "ed9c65eb-5680-428a-83b8-551f0cd72fa6",
              "isHook": false,
              "skipped": false
            },
            {
              "title": "Verifica se cada pixel individual dentro do quadro possui a `classe` denominada `pixel`.",
              "fullTitle": "4 - Adicione à página um quadro de pixels, com 25 pixels. Verifica se cada pixel individual dentro do quadro possui a `classe` denominada `pixel`.",
              "timedOut": null,
              "duration": 108,
              "state": "passed",
              "speed": "slow",
              "pass": true,
              "fail": false,
              "pending": false,
              "context": null,
              "code": "cy.get('.pixel').should('have.length', 25);",
              "err": {},
              "uuid": "63e833f0-1867-46d0-8b77-cd61a6a63824",
              "parentUUID": "ed9c65eb-5680-428a-83b8-551f0cd72fa6",
              "isHook": false,
              "skipped": false
            },
            {
              "title": "Verifica se a cor inicial dos pixels dentro do quadro, ao abrir a página, é branca.",
              "fullTitle": "4 - Adicione à página um quadro de pixels, com 25 pixels. Verifica se a cor inicial dos pixels dentro do quadro, ao abrir a página, é branca.",
              "timedOut": null,
              "duration": 140,
              "state": "passed",
              "speed": "slow",
              "pass": true,
              "fail": false,
              "pending": false,
              "context": null,
              "code": "cy.get('.pixel').should('have.length', 25).each(function (pixel) {\n  expect(pixel).to.have.css('background-color', WHITE);\n});",
              "err": {},
              "uuid": "0b77b459-a26d-4d18-8b51-beef8873ad5c",
              "parentUUID": "ed9c65eb-5680-428a-83b8-551f0cd72fa6",
              "isHook": false,
              "skipped": false
            },
            {
              "title": "Verifica se o quadro de pixels aparece abaixo da paleta de cores",
              "fullTitle": "4 - Adicione à página um quadro de pixels, com 25 pixels. Verifica se o quadro de pixels aparece abaixo da paleta de cores",
              "timedOut": null,
              "duration": 88,
              "state": "passed",
              "speed": "slow",
              "pass": true,
              "fail": false,
              "pending": false,
              "context": null,
              "code": "cy.get('#color-palette').then(function (palette) {\n  cy.get('#pixel-board').should('be.belowOf', palette);\n});",
              "err": {},
              "uuid": "b5603734-5981-47bd-9936-d346159b874b",
              "parentUUID": "ed9c65eb-5680-428a-83b8-551f0cd72fa6",
              "isHook": false,
              "skipped": false
            }
          ],
          "suites": [],
          "passes": [
            "4d09c0ff-c2c7-4339-90a9-81479896419f",
            "63e833f0-1867-46d0-8b77-cd61a6a63824",
            "0b77b459-a26d-4d18-8b51-beef8873ad5c",
            "b5603734-5981-47bd-9936-d346159b874b"
          ],
          "failures": [],
          "pending": [],
          "skipped": [],
          "duration": 416,
          "root": false,
          "rootEmpty": false,
          "_timeout": 2000
        },
        {
          "uuid": "2b6c95a3-f5fe-4df2-ba59-f33db0786f53",
          "title": "5 - Faça com que cada elemento do quadro de pixels possua 40 pixels de largura, 40 pixels de altura e seja delimitado por uma borda preta de 1 pixel.",
          "fullFile": "",
          "file": "",
          "beforeHooks": [],
          "afterHooks": [],
          "tests": [
            {
              "title": "Verifica se o quadro de pixels tem altura e comprimento de 5 elementos",
              "fullTitle": "5 - Faça com que cada elemento do quadro de pixels possua 40 pixels de largura, 40 pixels de altura e seja delimitado por uma borda preta de 1 pixel. Verifica se o quadro de pixels tem altura e comprimento de 5 elementos",
              "timedOut": null,
              "duration": 235,
              "state": "passed",
              "speed": "slow",
              "pass": true,
              "fail": false,
              "pending": false,
              "context": null,
              "code": "cy.get('.pixel').should('have.length', 25).each(function (pixel) {\n  expect(pixel).to.have.css('background-color', WHITE);\n}).and(function (pixels) {\n  var rows = chunk(pixels, 5);\n  rows.forEach(function (row) {\n    for (var index = 1; index < row.length; index += 1) {\n      var current = pixels[index];\n      var previous = pixels[index - 1];\n      cy.wrap(current).should('be.onTheRightOf', previous).and('be.horizontallyAlignedWith', previous);\n    }\n  });\n  for (var index = 1; index < 5; index += 1) {\n    expect(pixels[index * 5]).to.be.belowOf(pixels[(index - 1) * 5]);\n  }\n});",
              "err": {},
              "uuid": "fc961740-1087-4c60-be17-fea6fad3c42c",
              "parentUUID": "2b6c95a3-f5fe-4df2-ba59-f33db0786f53",
              "isHook": false,
              "skipped": false
            },
            {
              "title": "Verifica se 40 pixels é o tamanho total do elemento, incluindo seu conteúdo e excluindo a borda preta, que deve ser criada à parte.",
              "fullTitle": "5 - Faça com que cada elemento do quadro de pixels possua 40 pixels de largura, 40 pixels de altura e seja delimitado por uma borda preta de 1 pixel. Verifica se 40 pixels é o tamanho total do elemento, incluindo seu conteúdo e excluindo a borda preta, que deve ser criada à parte.",
              "timedOut": null,
              "duration": 209,
              "state": "passed",
              "speed": "slow",
              "pass": true,
              "fail": false,
              "pending": false,
              "context": null,
              "code": "cy.get('.pixel').each(function (pixel) {\n  cy.wrap(pixel).should('have.css', 'height', '40px').and('have.css', 'width', '40px').and('have.css', 'border', \"1px solid \".concat(BLACK));\n});",
              "err": {},
              "uuid": "c548279e-e31b-446e-b69b-6933092465bb",
              "parentUUID": "2b6c95a3-f5fe-4df2-ba59-f33db0786f53",
              "isHook": false,
              "skipped": false
            }
          ],
          "suites": [],
          "passes": [
            "fc961740-1087-4c60-be17-fea6fad3c42c",
            "c548279e-e31b-446e-b69b-6933092465bb"
          ],
          "failures": [],
          "pending": [],
          "skipped": [],
          "duration": 444,
          "root": false,
          "rootEmpty": false,
          "_timeout": 2000
        },
        {
          "uuid": "bc127f7d-f281-4c2d-81a5-a6b4b51dc242",
          "title": "6 - Defina a cor preta como cor inicial. Ao carregar a página a cor preta já deve estar selecionada para pintar os pixels",
          "fullFile": "",
          "file": "",
          "beforeHooks": [],
          "afterHooks": [],
          "tests": [
            {
              "title": "Verifica se o elemento da cor preta possui, inicialmente, a `classe` `selected`",
              "fullTitle": "6 - Defina a cor preta como cor inicial. Ao carregar a página a cor preta já deve estar selecionada para pintar os pixels Verifica se o elemento da cor preta possui, inicialmente, a `classe` `selected`",
              "timedOut": null,
              "duration": 78,
              "state": "passed",
              "speed": "slow",
              "pass": true,
              "fail": false,
              "pending": false,
              "context": null,
              "code": "cy.get('.selected').first().should('have.css', 'background-color', BLACK);",
              "err": {},
              "uuid": "15d84631-2922-455f-97e5-7cdb5874b830",
              "parentUUID": "bc127f7d-f281-4c2d-81a5-a6b4b51dc242",
              "isHook": false,
              "skipped": false
            },
            {
              "title": "Verifica se nenhuma outra cor da paleta tem a `classe` `selected`",
              "fullTitle": "6 - Defina a cor preta como cor inicial. Ao carregar a página a cor preta já deve estar selecionada para pintar os pixels Verifica se nenhuma outra cor da paleta tem a `classe` `selected`",
              "timedOut": null,
              "duration": 82,
              "state": "passed",
              "speed": "slow",
              "pass": true,
              "fail": false,
              "pending": false,
              "context": null,
              "code": "cy.get('.color:not(:first-child)').each(function (color) {\n  cy.wrap(color).should('not.have.class', 'selected');\n});",
              "err": {},
              "uuid": "c9ded09f-2db1-4153-87b0-c997af25b3f4",
              "parentUUID": "bc127f7d-f281-4c2d-81a5-a6b4b51dc242",
              "isHook": false,
              "skipped": false
            }
          ],
          "suites": [],
          "passes": [
            "15d84631-2922-455f-97e5-7cdb5874b830",
            "c9ded09f-2db1-4153-87b0-c997af25b3f4"
          ],
          "failures": [],
          "pending": [],
          "skipped": [],
          "duration": 160,
          "root": false,
          "rootEmpty": false,
          "_timeout": 2000
        },
        {
          "uuid": "c4533a45-b182-4bd7-abf4-9c2e996283bd",
          "title": "7 - Clicar em uma das cores da paleta, faz com que ela seja selecionada e utilizada para preencher os pixels no quadro.",
          "fullFile": "",
          "file": "",
          "beforeHooks": [],
          "afterHooks": [],
          "tests": [
            {
              "title": "Verifica se somente uma cor da paleta de cores tem a classe `selected` de cada vez",
              "fullTitle": "7 - Clicar em uma das cores da paleta, faz com que ela seja selecionada e utilizada para preencher os pixels no quadro. Verifica se somente uma cor da paleta de cores tem a classe `selected` de cada vez",
              "timedOut": null,
              "duration": 460,
              "state": "passed",
              "speed": "slow",
              "pass": true,
              "fail": false,
              "pending": false,
              "context": null,
              "code": "cy.get('.color').each(function (selectedColor, selectedColorIndex) {\n  cy.wrap(selectedColor).click();\n  cy.get('.color').each(function (color, colorIndex) {\n    if (colorIndex === selectedColorIndex) {\n      expect(color).to.have[\"class\"]('selected');\n    } else {\n      expect(color).not.to.have[\"class\"]('selected');\n    }\n  });\n});",
              "err": {},
              "uuid": "0be67894-e5fc-4a01-b8ae-8c80387a8f35",
              "parentUUID": "c4533a45-b182-4bd7-abf4-9c2e996283bd",
              "isHook": false,
              "skipped": false
            },
            {
              "title": "Verifica se os pixels dentro do quadro não têm a classe `selected` quando são clicados",
              "fullTitle": "7 - Clicar em uma das cores da paleta, faz com que ela seja selecionada e utilizada para preencher os pixels no quadro. Verifica se os pixels dentro do quadro não têm a classe `selected` quando são clicados",
              "timedOut": null,
              "duration": 8886,
              "state": "passed",
              "speed": "slow",
              "pass": true,
              "fail": false,
              "pending": false,
              "context": null,
              "code": "cy.get('.color').each(function (color) {\n  var backgroundColor = color.css('background-color');\n  cy.wrap(color).click();\n  cy.get('.pixel').each(function (pixel) {\n    cy.wrap(pixel).click().should('not.have.class', 'selected');\n  });\n});",
              "err": {},
              "uuid": "7779f0c5-357a-42eb-90b4-4ba39f1b682f",
              "parentUUID": "c4533a45-b182-4bd7-abf4-9c2e996283bd",
              "isHook": false,
              "skipped": false
            }
          ],
          "suites": [],
          "passes": [
            "0be67894-e5fc-4a01-b8ae-8c80387a8f35",
            "7779f0c5-357a-42eb-90b4-4ba39f1b682f"
          ],
          "failures": [],
          "pending": [],
          "skipped": [],
          "duration": 9346,
          "root": false,
          "rootEmpty": false,
          "_timeout": 2000
        },
        {
          "uuid": "dee38a14-1a35-4b02-82b4-e337dc18510e",
          "title": "8 - Clicar em um pixel dentro do quadro após selecionar uma cor na paleta, faz com que o pixel seja preenchido com a cor selecionada.",
          "fullFile": "",
          "file": "",
          "beforeHooks": [],
          "afterHooks": [],
          "tests": [
            {
              "title": "Verifica se ao carregar a página deve ser possível pintar os pixels de preto",
              "fullTitle": "8 - Clicar em um pixel dentro do quadro após selecionar uma cor na paleta, faz com que o pixel seja preenchido com a cor selecionada. Verifica se ao carregar a página deve ser possível pintar os pixels de preto",
              "timedOut": null,
              "duration": 4355,
              "state": "failed",
              "speed": null,
              "pass": false,
              "fail": true,
              "pending": false,
              "context": null,
              "code": "cy.get('.pixel').each(function (pixel) {\n  cy.wrap(pixel).click().should('have.css', 'background-color', BLACK);\n});",
              "err": {
                "message": "CypressError: Timed out retrying: expected '<li.pixel>' to have CSS property 'background-color' with the value 'rgb(0, 0, 0)', but the value was 'rgb(255, 255, 255)'",
                "estack": "CypressError: Timed out retrying: expected '<li.pixel>' to have CSS property 'background-color' with the value 'rgb(0, 0, 0)', but the value was 'rgb(255, 255, 255)'\n    at cypressErr (http://localhost:37755/__cypress/runner/cypress_runner.js:149934:9)\n    at throwErr (http://localhost:37755/__cypress/runner/cypress_runner.js:149867:11)\n    at Object.throwErrByPath (http://localhost:37755/__cypress/runner/cypress_runner.js:149915:3)\n    at retry (http://localhost:37755/__cypress/runner/cypress_runner.js:144197:19)\n    at onFailFn (http://localhost:37755/__cypress/runner/cypress_runner.js:132448:16)\n    at tryCatcher (http://localhost:37755/__cypress/runner/cypress_runner.js:167415:23)\n    at Promise._settlePromiseFromHandler (http://localhost:37755/__cypress/runner/cypress_runner.js:165351:31)\n    at Promise._settlePromise (http://localhost:37755/__cypress/runner/cypress_runner.js:165408:18)\n    at Promise._settlePromise0 (http://localhost:37755/__cypress/runner/cypress_runner.js:165453:10)\n    at Promise._settlePromises (http://localhost:37755/__cypress/runner/cypress_runner.js:165528:18)\n    at Async../node_modules/bluebird/js/release/async.js.Async._drainQueue (http://localhost:37755/__cypress/runner/cypress_runner.js:162140:16)\n    at Async../node_modules/bluebird/js/release/async.js.Async._drainQueues (http://localhost:37755/__cypress/runner/cypress_runner.js:162150:10)\n    at Async.drainQueues (http://localhost:37755/__cypress/runner/cypress_runner.js:162024:14)",
                "diff": null
              },
              "uuid": "bfb56922-7cbc-489c-ab1d-d3afe0e872af",
              "parentUUID": "dee38a14-1a35-4b02-82b4-e337dc18510e",
              "isHook": false,
              "skipped": false
            },
            {
              "title": "Verifica se após selecionar uma outra cor na paleta, é possível pintar os pixels com essa cor",
              "fullTitle": "8 - Clicar em um pixel dentro do quadro após selecionar uma cor na paleta, faz com que o pixel seja preenchido com a cor selecionada. Verifica se após selecionar uma outra cor na paleta, é possível pintar os pixels com essa cor",
              "timedOut": null,
              "duration": 4403,
              "state": "failed",
              "speed": null,
              "pass": false,
              "fail": true,
              "pending": false,
              "context": null,
              "code": "cy.get('.color').each(function (color) {\n  var backgroundColor = color.css('background-color');\n  cy.wrap(color).click();\n  cy.get('.pixel').each(function (pixel) {\n    cy.wrap(pixel).click().should('have.css', 'background-color', backgroundColor);\n  });\n});",
              "err": {
                "message": "CypressError: Timed out retrying: expected '<li.pixel>' to have CSS property 'background-color' with the value 'rgb(0, 0, 0)', but the value was 'rgb(255, 255, 255)'",
                "estack": "CypressError: Timed out retrying: expected '<li.pixel>' to have CSS property 'background-color' with the value 'rgb(0, 0, 0)', but the value was 'rgb(255, 255, 255)'\n    at cypressErr (http://localhost:37755/__cypress/runner/cypress_runner.js:149934:9)\n    at throwErr (http://localhost:37755/__cypress/runner/cypress_runner.js:149867:11)\n    at Object.throwErrByPath (http://localhost:37755/__cypress/runner/cypress_runner.js:149915:3)\n    at retry (http://localhost:37755/__cypress/runner/cypress_runner.js:144197:19)\n    at onFailFn (http://localhost:37755/__cypress/runner/cypress_runner.js:132448:16)\n    at tryCatcher (http://localhost:37755/__cypress/runner/cypress_runner.js:167415:23)\n    at Promise._settlePromiseFromHandler (http://localhost:37755/__cypress/runner/cypress_runner.js:165351:31)\n    at Promise._settlePromise (http://localhost:37755/__cypress/runner/cypress_runner.js:165408:18)\n    at Promise._settlePromise0 (http://localhost:37755/__cypress/runner/cypress_runner.js:165453:10)\n    at Promise._settlePromises (http://localhost:37755/__cypress/runner/cypress_runner.js:165528:18)\n    at Async../node_modules/bluebird/js/release/async.js.Async._drainQueue (http://localhost:37755/__cypress/runner/cypress_runner.js:162140:16)\n    at Async../node_modules/bluebird/js/release/async.js.Async._drainQueues (http://localhost:37755/__cypress/runner/cypress_runner.js:162150:10)\n    at Async.drainQueues (http://localhost:37755/__cypress/runner/cypress_runner.js:162024:14)",
                "diff": null
              },
              "uuid": "0d0073aa-171b-476d-90c0-1e075567c4cb",
              "parentUUID": "dee38a14-1a35-4b02-82b4-e337dc18510e",
              "isHook": false,
              "skipped": false
            },
            {
              "title": "Verifica se somente o pixel que foi clicado foi preenchido com a cor selecionada, sem influenciar na cor dos demais pixels.",
              "fullTitle": "8 - Clicar em um pixel dentro do quadro após selecionar uma cor na paleta, faz com que o pixel seja preenchido com a cor selecionada. Verifica se somente o pixel que foi clicado foi preenchido com a cor selecionada, sem influenciar na cor dos demais pixels.",
              "timedOut": null,
              "duration": 1358,
              "state": "passed",
              "speed": "slow",
              "pass": true,
              "fail": false,
              "pending": false,
              "context": null,
              "code": "var colorToPixelIndexMap = {\n  0: 6,\n  1: 8,\n  2: 16,\n  3: 18\n};\ncy.get('.color').each(function (color, index) {\n  cy.wrap(color).click();\n  var backgroundColor = color.css('background-color');\n  var clickedPixelIndex = colorToPixelIndexMap[index];\n  cy.get('.pixel').eq(clickedPixelIndex).click();\n  cy.get('.pixel').eq(clickedPixelIndex - 1).should('not.have.css', 'background-color', backgroundColor);\n  cy.get('.pixel').eq(clickedPixelIndex + 1).should('not.have.css', 'background-color', backgroundColor);\n  cy.get('.pixel').eq(clickedPixelIndex - 5).should('not.have.css', 'background-color', backgroundColor);\n  cy.get('.pixel').eq(clickedPixelIndex + 5).should('not.have.css', 'background-color', backgroundColor);\n  cy.get('.pixel').eq(clickedPixelIndex - 6).should('not.have.css', 'background-color', backgroundColor);\n  cy.get('.pixel').eq(clickedPixelIndex - 4).should('not.have.css', 'background-color', backgroundColor);\n  cy.get('.pixel').eq(clickedPixelIndex + 4).should('not.have.css', 'background-color', backgroundColor);\n  cy.get('.pixel').eq(clickedPixelIndex + 6).should('not.have.css', 'background-color', backgroundColor);\n});",
              "err": {},
              "uuid": "0f8bbf3f-2172-4428-a39d-fb90b111ddb6",
              "parentUUID": "dee38a14-1a35-4b02-82b4-e337dc18510e",
              "isHook": false,
              "skipped": false
            }
          ],
          "suites": [],
          "passes": [
            "0f8bbf3f-2172-4428-a39d-fb90b111ddb6"
          ],
          "failures": [
            "bfb56922-7cbc-489c-ab1d-d3afe0e872af",
            "0d0073aa-171b-476d-90c0-1e075567c4cb"
          ],
          "pending": [],
          "skipped": [],
          "duration": 10116,
          "root": false,
          "rootEmpty": false,
          "_timeout": 2000
        },
        {
          "uuid": "571381ac-837e-4be6-a982-da3c44d6a108",
          "title": "9 - Crie um botão que, ao ser clicado, limpa o quadro preenchendo a cor de todos seus pixels com branco.",
          "fullFile": "",
          "file": "",
          "beforeHooks": [],
          "afterHooks": [],
          "tests": [
            {
              "title": "Verifica se o botão tem o `id` denominado `clear-board`",
              "fullTitle": "9 - Crie um botão que, ao ser clicado, limpa o quadro preenchendo a cor de todos seus pixels com branco. Verifica se o botão tem o `id` denominado `clear-board`",
              "timedOut": null,
              "duration": 136,
              "state": "passed",
              "speed": "slow",
              "pass": true,
              "fail": false,
              "pending": false,
              "context": null,
              "code": "cy.get('#clear-board').should('be.visible');",
              "err": {},
              "uuid": "a2fca911-79a1-41b5-96b5-176b95ab500c",
              "parentUUID": "571381ac-837e-4be6-a982-da3c44d6a108",
              "isHook": false,
              "skipped": false
            },
            {
              "title": "Verifica se o botão está posicionado entre a paleta de cores e o quadro de pixels",
              "fullTitle": "9 - Crie um botão que, ao ser clicado, limpa o quadro preenchendo a cor de todos seus pixels com branco. Verifica se o botão está posicionado entre a paleta de cores e o quadro de pixels",
              "timedOut": null,
              "duration": 76,
              "state": "passed",
              "speed": "slow",
              "pass": true,
              "fail": false,
              "pending": false,
              "context": null,
              "code": "cy.get('#color-palette').then(function (palette) {\n  cy.get('#clear-board').should('be.belowOf', palette);\n});\ncy.get('#clear-board').then(function (clearBtn) {\n  cy.get('#pixel-board').should('be.belowOf', clearBtn);\n});",
              "err": {},
              "uuid": "2ea6f291-a563-4e7c-a76e-e22197c7cf18",
              "parentUUID": "571381ac-837e-4be6-a982-da3c44d6a108",
              "isHook": false,
              "skipped": false
            },
            {
              "title": "Verifica se o texto do botão é 'Limpar'",
              "fullTitle": "9 - Crie um botão que, ao ser clicado, limpa o quadro preenchendo a cor de todos seus pixels com branco. Verifica se o texto do botão é 'Limpar'",
              "timedOut": null,
              "duration": 59,
              "state": "passed",
              "speed": "medium",
              "pass": true,
              "fail": false,
              "pending": false,
              "context": null,
              "code": "cy.get('#clear-board').should('contain.text', 'Limpar');",
              "err": {},
              "uuid": "2c5f60b0-7e79-42d9-afa3-7eef2d67ab92",
              "parentUUID": "571381ac-837e-4be6-a982-da3c44d6a108",
              "isHook": false,
              "skipped": false
            },
            {
              "title": "Verifica se ao clicar no botão, o quadro de pixels é totalmente preenchido de branco",
              "fullTitle": "9 - Crie um botão que, ao ser clicado, limpa o quadro preenchendo a cor de todos seus pixels com branco. Verifica se ao clicar no botão, o quadro de pixels é totalmente preenchido de branco",
              "timedOut": null,
              "duration": 4402,
              "state": "failed",
              "speed": null,
              "pass": false,
              "fail": true,
              "pending": false,
              "context": null,
              "code": "cy.get('.color').eq(1).then(function (color) {\n  var backgroundColor = color.css('background-color');\n  cy.wrap(color).click();\n  cy.get('.pixel').each(function (pixel) {\n    cy.wrap(pixel).click().should('have.css', 'background-color', backgroundColor);\n  });\n});\ncy.get('#clear-board').click();\ncy.get('.pixel').each(function (pixel) {\n  cy.wrap(pixel).should('have.css', 'background-color', WHITE);\n});",
              "err": {
                "message": "CypressError: Timed out retrying: expected '<li.pixel>' to have CSS property 'background-color' with the value 'rgb(0, 0, 255)', but the value was 'rgb(255, 255, 255)'",
                "estack": "CypressError: Timed out retrying: expected '<li.pixel>' to have CSS property 'background-color' with the value 'rgb(0, 0, 255)', but the value was 'rgb(255, 255, 255)'\n    at cypressErr (http://localhost:37755/__cypress/runner/cypress_runner.js:149934:9)\n    at throwErr (http://localhost:37755/__cypress/runner/cypress_runner.js:149867:11)\n    at Object.throwErrByPath (http://localhost:37755/__cypress/runner/cypress_runner.js:149915:3)\n    at retry (http://localhost:37755/__cypress/runner/cypress_runner.js:144197:19)\n    at onFailFn (http://localhost:37755/__cypress/runner/cypress_runner.js:132448:16)\n    at tryCatcher (http://localhost:37755/__cypress/runner/cypress_runner.js:167415:23)\n    at Promise._settlePromiseFromHandler (http://localhost:37755/__cypress/runner/cypress_runner.js:165351:31)\n    at Promise._settlePromise (http://localhost:37755/__cypress/runner/cypress_runner.js:165408:18)\n    at Promise._settlePromise0 (http://localhost:37755/__cypress/runner/cypress_runner.js:165453:10)\n    at Promise._settlePromises (http://localhost:37755/__cypress/runner/cypress_runner.js:165528:18)\n    at Async../node_modules/bluebird/js/release/async.js.Async._drainQueue (http://localhost:37755/__cypress/runner/cypress_runner.js:162140:16)\n    at Async../node_modules/bluebird/js/release/async.js.Async._drainQueues (http://localhost:37755/__cypress/runner/cypress_runner.js:162150:10)\n    at Async.drainQueues (http://localhost:37755/__cypress/runner/cypress_runner.js:162024:14)",
                "diff": null
              },
              "uuid": "f7c196c1-828e-4b90-939a-aded39d215fb",
              "parentUUID": "571381ac-837e-4be6-a982-da3c44d6a108",
              "isHook": false,
              "skipped": false
            }
          ],
          "suites": [],
          "passes": [
            "a2fca911-79a1-41b5-96b5-176b95ab500c",
            "2ea6f291-a563-4e7c-a76e-e22197c7cf18",
            "2c5f60b0-7e79-42d9-afa3-7eef2d67ab92"
          ],
          "failures": [
            "f7c196c1-828e-4b90-939a-aded39d215fb"
          ],
          "pending": [],
          "skipped": [],
          "duration": 4673,
          "root": false,
          "rootEmpty": false,
          "_timeout": 2000
        },
        {
          "uuid": "f3a57496-6b55-4b6d-b80f-5f1ad2243055",
          "title": "10 - Faça o quadro de pixels ter seu tamanho definido pelo usuário.",
          "fullFile": "",
          "file": "",
          "beforeHooks": [],
          "afterHooks": [],
          "tests": [
            {
              "title": "Verifica se existe um input com o id `board-size`",
              "fullTitle": "10 - Faça o quadro de pixels ter seu tamanho definido pelo usuário. Verifica se existe um input com o id `board-size`",
              "timedOut": null,
              "duration": 4310,
              "state": "failed",
              "speed": null,
              "pass": false,
              "fail": true,
              "pending": false,
              "context": null,
              "code": "cy.get('#board-size').should('be.visible');",
              "err": {
                "message": "CypressError: Timed out retrying: Expected to find element: '#board-size', but never found it.",
                "estack": "CypressError: Timed out retrying: Expected to find element: '#board-size', but never found it.\n    at cypressErr (http://localhost:37755/__cypress/runner/cypress_runner.js:149934:9)\n    at throwErr (http://localhost:37755/__cypress/runner/cypress_runner.js:149867:11)\n    at Object.throwErrByPath (http://localhost:37755/__cypress/runner/cypress_runner.js:149915:3)\n    at retry (http://localhost:37755/__cypress/runner/cypress_runner.js:144197:19)\n    at onFailFn (http://localhost:37755/__cypress/runner/cypress_runner.js:132448:16)\n    at tryCatcher (http://localhost:37755/__cypress/runner/cypress_runner.js:167415:23)\n    at Promise._settlePromiseFromHandler (http://localhost:37755/__cypress/runner/cypress_runner.js:165351:31)\n    at Promise._settlePromise (http://localhost:37755/__cypress/runner/cypress_runner.js:165408:18)\n    at Promise._settlePromise0 (http://localhost:37755/__cypress/runner/cypress_runner.js:165453:10)\n    at Promise._settlePromises (http://localhost:37755/__cypress/runner/cypress_runner.js:165528:18)\n    at Async../node_modules/bluebird/js/release/async.js.Async._drainQueue (http://localhost:37755/__cypress/runner/cypress_runner.js:162140:16)\n    at Async../node_modules/bluebird/js/release/async.js.Async._drainQueues (http://localhost:37755/__cypress/runner/cypress_runner.js:162150:10)\n    at Async.drainQueues (http://localhost:37755/__cypress/runner/cypress_runner.js:162024:14)",
                "diff": null
              },
              "uuid": "30d714bf-529a-4af7-aab5-1006a1fe1844",
              "parentUUID": "f3a57496-6b55-4b6d-b80f-5f1ad2243055",
              "isHook": false,
              "skipped": false
            },
            {
              "title": "Verifica se existe um botão com o id `generate-board`",
              "fullTitle": "10 - Faça o quadro de pixels ter seu tamanho definido pelo usuário. Verifica se existe um botão com o id `generate-board`",
              "timedOut": null,
              "duration": 4231,
              "state": "failed",
              "speed": null,
              "pass": false,
              "fail": true,
              "pending": false,
              "context": null,
              "code": "cy.get('#generate-board').should('be.visible');",
              "err": {
                "message": "CypressError: Timed out retrying: Expected to find element: '#generate-board', but never found it.",
                "estack": "CypressError: Timed out retrying: Expected to find element: '#generate-board', but never found it.\n    at cypressErr (http://localhost:37755/__cypress/runner/cypress_runner.js:149934:9)\n    at throwErr (http://localhost:37755/__cypress/runner/cypress_runner.js:149867:11)\n    at Object.throwErrByPath (http://localhost:37755/__cypress/runner/cypress_runner.js:149915:3)\n    at retry (http://localhost:37755/__cypress/runner/cypress_runner.js:144197:19)\n    at onFailFn (http://localhost:37755/__cypress/runner/cypress_runner.js:132448:16)\n    at tryCatcher (http://localhost:37755/__cypress/runner/cypress_runner.js:167415:23)\n    at Promise._settlePromiseFromHandler (http://localhost:37755/__cypress/runner/cypress_runner.js:165351:31)\n    at Promise._settlePromise (http://localhost:37755/__cypress/runner/cypress_runner.js:165408:18)\n    at Promise._settlePromise0 (http://localhost:37755/__cypress/runner/cypress_runner.js:165453:10)\n    at Promise._settlePromises (http://localhost:37755/__cypress/runner/cypress_runner.js:165528:18)\n    at Async../node_modules/bluebird/js/release/async.js.Async._drainQueue (http://localhost:37755/__cypress/runner/cypress_runner.js:162140:16)\n    at Async../node_modules/bluebird/js/release/async.js.Async._drainQueues (http://localhost:37755/__cypress/runner/cypress_runner.js:162150:10)\n    at Async.drainQueues (http://localhost:37755/__cypress/runner/cypress_runner.js:162024:14)",
                "diff": null
              },
              "uuid": "6488c844-fb28-4596-8d0a-2110cb5bcb3b",
              "parentUUID": "f3a57496-6b55-4b6d-b80f-5f1ad2243055",
              "isHook": false,
              "skipped": false
            },
            {
              "title": "Verifica se o input só aceita número maiores que zero. Essa restrição deve ser feita usando os atributos do elemento `input`",
              "fullTitle": "10 - Faça o quadro de pixels ter seu tamanho definido pelo usuário. Verifica se o input só aceita número maiores que zero. Essa restrição deve ser feita usando os atributos do elemento `input`",
              "timedOut": null,
              "duration": 4241,
              "state": "failed",
              "speed": null,
              "pass": false,
              "fail": true,
              "pending": false,
              "context": null,
              "code": "cy.get('#board-size[type=\\'number\\'][min=\\'1\\']');",
              "err": {
                "message": "CypressError: Timed out retrying: Expected to find element: '#board-size[type='number'][min='1']', but never found it.",
                "estack": "CypressError: Timed out retrying: Expected to find element: '#board-size[type='number'][min='1']', but never found it.\n    at cypressErr (http://localhost:37755/__cypress/runner/cypress_runner.js:149934:9)\n    at throwErr (http://localhost:37755/__cypress/runner/cypress_runner.js:149867:11)\n    at Object.throwErrByPath (http://localhost:37755/__cypress/runner/cypress_runner.js:149915:3)\n    at retry (http://localhost:37755/__cypress/runner/cypress_runner.js:144197:19)\n    at onFailFn (http://localhost:37755/__cypress/runner/cypress_runner.js:132448:16)\n    at tryCatcher (http://localhost:37755/__cypress/runner/cypress_runner.js:167415:23)\n    at Promise._settlePromiseFromHandler (http://localhost:37755/__cypress/runner/cypress_runner.js:165351:31)\n    at Promise._settlePromise (http://localhost:37755/__cypress/runner/cypress_runner.js:165408:18)\n    at Promise._settlePromise0 (http://localhost:37755/__cypress/runner/cypress_runner.js:165453:10)\n    at Promise._settlePromises (http://localhost:37755/__cypress/runner/cypress_runner.js:165528:18)\n    at Async../node_modules/bluebird/js/release/async.js.Async._drainQueue (http://localhost:37755/__cypress/runner/cypress_runner.js:162140:16)\n    at Async../node_modules/bluebird/js/release/async.js.Async._drainQueues (http://localhost:37755/__cypress/runner/cypress_runner.js:162150:10)\n    at Async.drainQueues (http://localhost:37755/__cypress/runner/cypress_runner.js:162024:14)",
                "diff": null
              },
              "uuid": "e229f0e3-96d5-4630-b8a4-c29b1def8217",
              "parentUUID": "f3a57496-6b55-4b6d-b80f-5f1ad2243055",
              "isHook": false,
              "skipped": false
            },
            {
              "title": "Verifica se o botão contém o texto 'VQV'",
              "fullTitle": "10 - Faça o quadro de pixels ter seu tamanho definido pelo usuário. Verifica se o botão contém o texto 'VQV'",
              "timedOut": null,
              "duration": 4310,
              "state": "failed",
              "speed": null,
              "pass": false,
              "fail": true,
              "pending": false,
              "context": null,
              "code": "cy.get('#generate-board').contains(/vqv/i);",
              "err": {
                "message": "CypressError: Timed out retrying: Expected to find element: '#generate-board', but never found it.",
                "estack": "CypressError: Timed out retrying: Expected to find element: '#generate-board', but never found it.\n    at cypressErr (http://localhost:37755/__cypress/runner/cypress_runner.js:149934:9)\n    at throwErr (http://localhost:37755/__cypress/runner/cypress_runner.js:149867:11)\n    at Object.throwErrByPath (http://localhost:37755/__cypress/runner/cypress_runner.js:149915:3)\n    at retry (http://localhost:37755/__cypress/runner/cypress_runner.js:144197:19)\n    at onFailFn (http://localhost:37755/__cypress/runner/cypress_runner.js:132448:16)\n    at tryCatcher (http://localhost:37755/__cypress/runner/cypress_runner.js:167415:23)\n    at Promise._settlePromiseFromHandler (http://localhost:37755/__cypress/runner/cypress_runner.js:165351:31)\n    at Promise._settlePromise (http://localhost:37755/__cypress/runner/cypress_runner.js:165408:18)\n    at Promise._settlePromise0 (http://localhost:37755/__cypress/runner/cypress_runner.js:165453:10)\n    at Promise._settlePromises (http://localhost:37755/__cypress/runner/cypress_runner.js:165528:18)\n    at Async../node_modules/bluebird/js/release/async.js.Async._drainQueue (http://localhost:37755/__cypress/runner/cypress_runner.js:162140:16)\n    at Async../node_modules/bluebird/js/release/async.js.Async._drainQueues (http://localhost:37755/__cypress/runner/cypress_runner.js:162150:10)\n    at Async.drainQueues (http://localhost:37755/__cypress/runner/cypress_runner.js:162024:14)",
                "diff": null
              },
              "uuid": "8fb99282-eab0-477d-a577-7d68546b4f12",
              "parentUUID": "f3a57496-6b55-4b6d-b80f-5f1ad2243055",
              "isHook": false,
              "skipped": false
            },
            {
              "title": "Verifica se o input está posicionado entre a paleta de cores e o quadro de pixels",
              "fullTitle": "10 - Faça o quadro de pixels ter seu tamanho definido pelo usuário. Verifica se o input está posicionado entre a paleta de cores e o quadro de pixels",
              "timedOut": null,
              "duration": 4254,
              "state": "failed",
              "speed": null,
              "pass": false,
              "fail": true,
              "pending": false,
              "context": null,
              "code": "cy.get('#color-palette').then(function (palette) {\n  cy.get('#board-size').should('be.belowOf', palette);\n});\ncy.get('#board-size').then(function (palette) {\n  cy.get('#pixel-board').should('be.belowOf', palette);\n});",
              "err": {
                "message": "CypressError: Timed out retrying: Expected to find element: '#board-size', but never found it.",
                "estack": "CypressError: Timed out retrying: Expected to find element: '#board-size', but never found it.\n    at cypressErr (http://localhost:37755/__cypress/runner/cypress_runner.js:149934:9)\n    at throwErr (http://localhost:37755/__cypress/runner/cypress_runner.js:149867:11)\n    at Object.throwErrByPath (http://localhost:37755/__cypress/runner/cypress_runner.js:149915:3)\n    at retry (http://localhost:37755/__cypress/runner/cypress_runner.js:144197:19)\n    at onFailFn (http://localhost:37755/__cypress/runner/cypress_runner.js:132448:16)\n    at tryCatcher (http://localhost:37755/__cypress/runner/cypress_runner.js:167415:23)\n    at Promise._settlePromiseFromHandler (http://localhost:37755/__cypress/runner/cypress_runner.js:165351:31)\n    at Promise._settlePromise (http://localhost:37755/__cypress/runner/cypress_runner.js:165408:18)\n    at Promise._settlePromise0 (http://localhost:37755/__cypress/runner/cypress_runner.js:165453:10)\n    at Promise._settlePromises (http://localhost:37755/__cypress/runner/cypress_runner.js:165528:18)\n    at Async../node_modules/bluebird/js/release/async.js.Async._drainQueue (http://localhost:37755/__cypress/runner/cypress_runner.js:162140:16)\n    at Async../node_modules/bluebird/js/release/async.js.Async._drainQueues (http://localhost:37755/__cypress/runner/cypress_runner.js:162150:10)\n    at Async.drainQueues (http://localhost:37755/__cypress/runner/cypress_runner.js:162024:14)",
                "diff": null
              },
              "uuid": "b2a749ec-a6bc-4340-a6e1-a1a20df23919",
              "parentUUID": "f3a57496-6b55-4b6d-b80f-5f1ad2243055",
              "isHook": false,
              "skipped": false
            },
            {
              "title": "Verifica se o botão está posicionado ao lado do input",
              "fullTitle": "10 - Faça o quadro de pixels ter seu tamanho definido pelo usuário. Verifica se o botão está posicionado ao lado do input",
              "timedOut": null,
              "duration": 4207,
              "state": "failed",
              "speed": null,
              "pass": false,
              "fail": true,
              "pending": false,
              "context": null,
              "code": "cy.get('#board-size').then(function (board) {\n  cy.get('#generate-board').should('be.onTheRightOf', board);\n});",
              "err": {
                "message": "CypressError: Timed out retrying: Expected to find element: '#board-size', but never found it.",
                "estack": "CypressError: Timed out retrying: Expected to find element: '#board-size', but never found it.\n    at cypressErr (http://localhost:37755/__cypress/runner/cypress_runner.js:149934:9)\n    at throwErr (http://localhost:37755/__cypress/runner/cypress_runner.js:149867:11)\n    at Object.throwErrByPath (http://localhost:37755/__cypress/runner/cypress_runner.js:149915:3)\n    at retry (http://localhost:37755/__cypress/runner/cypress_runner.js:144197:19)\n    at onFailFn (http://localhost:37755/__cypress/runner/cypress_runner.js:132448:16)\n    at tryCatcher (http://localhost:37755/__cypress/runner/cypress_runner.js:167415:23)\n    at Promise._settlePromiseFromHandler (http://localhost:37755/__cypress/runner/cypress_runner.js:165351:31)\n    at Promise._settlePromise (http://localhost:37755/__cypress/runner/cypress_runner.js:165408:18)\n    at Promise._settlePromise0 (http://localhost:37755/__cypress/runner/cypress_runner.js:165453:10)\n    at Promise._settlePromises (http://localhost:37755/__cypress/runner/cypress_runner.js:165528:18)\n    at Async../node_modules/bluebird/js/release/async.js.Async._drainQueue (http://localhost:37755/__cypress/runner/cypress_runner.js:162140:16)\n    at Async../node_modules/bluebird/js/release/async.js.Async._drainQueues (http://localhost:37755/__cypress/runner/cypress_runner.js:162150:10)\n    at Async.drainQueues (http://localhost:37755/__cypress/runner/cypress_runner.js:162024:14)",
                "diff": null
              },
              "uuid": "b8a12ac3-60bc-4560-a7bc-74aa712f10df",
              "parentUUID": "f3a57496-6b55-4b6d-b80f-5f1ad2243055",
              "isHook": false,
              "skipped": false
            },
            {
              "title": "Verifica se nenhum valor for colocado no input ao clicar no botão, um `alert` é exibido com o texto: 'Board inválido!'",
              "fullTitle": "10 - Faça o quadro de pixels ter seu tamanho definido pelo usuário. Verifica se nenhum valor for colocado no input ao clicar no botão, um `alert` é exibido com o texto: 'Board inválido!'",
              "timedOut": null,
              "duration": 4251,
              "state": "failed",
              "speed": null,
              "pass": false,
              "fail": true,
              "pending": false,
              "context": null,
              "code": "var alerted = false;\ncy.on('window:alert', function (msg) {\n  return alerted = msg;\n});\ncy.get('#generate-board').click().then(function () {\n  return expect(alerted).to.match(/Board inválido!/i);\n});",
              "err": {
                "message": "CypressError: Timed out retrying: Expected to find element: '#generate-board', but never found it.",
                "estack": "CypressError: Timed out retrying: Expected to find element: '#generate-board', but never found it.\n    at cypressErr (http://localhost:37755/__cypress/runner/cypress_runner.js:149934:9)\n    at throwErr (http://localhost:37755/__cypress/runner/cypress_runner.js:149867:11)\n    at Object.throwErrByPath (http://localhost:37755/__cypress/runner/cypress_runner.js:149915:3)\n    at retry (http://localhost:37755/__cypress/runner/cypress_runner.js:144197:19)\n    at onFailFn (http://localhost:37755/__cypress/runner/cypress_runner.js:132448:16)\n    at tryCatcher (http://localhost:37755/__cypress/runner/cypress_runner.js:167415:23)\n    at Promise._settlePromiseFromHandler (http://localhost:37755/__cypress/runner/cypress_runner.js:165351:31)\n    at Promise._settlePromise (http://localhost:37755/__cypress/runner/cypress_runner.js:165408:18)\n    at Promise._settlePromise0 (http://localhost:37755/__cypress/runner/cypress_runner.js:165453:10)\n    at Promise._settlePromises (http://localhost:37755/__cypress/runner/cypress_runner.js:165528:18)\n    at Async../node_modules/bluebird/js/release/async.js.Async._drainQueue (http://localhost:37755/__cypress/runner/cypress_runner.js:162140:16)\n    at Async../node_modules/bluebird/js/release/async.js.Async._drainQueues (http://localhost:37755/__cypress/runner/cypress_runner.js:162150:10)\n    at Async.drainQueues (http://localhost:37755/__cypress/runner/cypress_runner.js:162024:14)",
                "diff": null
              },
              "uuid": "f7b05dfa-b178-4c11-9c97-929c492223c9",
              "parentUUID": "f3a57496-6b55-4b6d-b80f-5f1ad2243055",
              "isHook": false,
              "skipped": false
            },
            {
              "title": "Verifica se ao clicar no botão com um valor preenchido, o tamanho do board muda.",
              "fullTitle": "10 - Faça o quadro de pixels ter seu tamanho definido pelo usuário. Verifica se ao clicar no botão com um valor preenchido, o tamanho do board muda.",
              "timedOut": null,
              "duration": 4264,
              "state": "failed",
              "speed": null,
              "pass": false,
              "fail": true,
              "pending": false,
              "context": null,
              "code": "cy.get('#board-size').clear().type(10);\ncy.get('#generate-board').click();\ncy.get('.pixel').should('have.length', 100);",
              "err": {
                "message": "CypressError: Timed out retrying: Expected to find element: '#board-size', but never found it.",
                "estack": "CypressError: Timed out retrying: Expected to find element: '#board-size', but never found it.\n    at cypressErr (http://localhost:37755/__cypress/runner/cypress_runner.js:149934:9)\n    at throwErr (http://localhost:37755/__cypress/runner/cypress_runner.js:149867:11)\n    at Object.throwErrByPath (http://localhost:37755/__cypress/runner/cypress_runner.js:149915:3)\n    at retry (http://localhost:37755/__cypress/runner/cypress_runner.js:144197:19)\n    at onFailFn (http://localhost:37755/__cypress/runner/cypress_runner.js:132448:16)\n    at tryCatcher (http://localhost:37755/__cypress/runner/cypress_runner.js:167415:23)\n    at Promise._settlePromiseFromHandler (http://localhost:37755/__cypress/runner/cypress_runner.js:165351:31)\n    at Promise._settlePromise (http://localhost:37755/__cypress/runner/cypress_runner.js:165408:18)\n    at Promise._settlePromise0 (http://localhost:37755/__cypress/runner/cypress_runner.js:165453:10)\n    at Promise._settlePromises (http://localhost:37755/__cypress/runner/cypress_runner.js:165528:18)\n    at Async../node_modules/bluebird/js/release/async.js.Async._drainQueue (http://localhost:37755/__cypress/runner/cypress_runner.js:162140:16)\n    at Async../node_modules/bluebird/js/release/async.js.Async._drainQueues (http://localhost:37755/__cypress/runner/cypress_runner.js:162150:10)\n    at Async.drainQueues (http://localhost:37755/__cypress/runner/cypress_runner.js:162024:14)",
                "diff": null
              },
              "uuid": "c4860a78-d24d-43f1-bb56-f6841da92f22",
              "parentUUID": "f3a57496-6b55-4b6d-b80f-5f1ad2243055",
              "isHook": false,
              "skipped": false
            },
            {
              "title": "Verifica se o novo quadro tem todos os pixels preenchidos com a cor branca",
              "fullTitle": "10 - Faça o quadro de pixels ter seu tamanho definido pelo usuário. Verifica se o novo quadro tem todos os pixels preenchidos com a cor branca",
              "timedOut": null,
              "duration": 4258,
              "state": "failed",
              "speed": null,
              "pass": false,
              "fail": true,
              "pending": false,
              "context": null,
              "code": "cy.get('#board-size').clear().type(6);\ncy.get('#generate-board').click();\ncy.get('.pixel').should('have.length', 36).each(function (pixel) {\n  expect(pixel).to.have.css('background-color', WHITE);\n});",
              "err": {
                "message": "CypressError: Timed out retrying: Expected to find element: '#board-size', but never found it.",
                "estack": "CypressError: Timed out retrying: Expected to find element: '#board-size', but never found it.\n    at cypressErr (http://localhost:37755/__cypress/runner/cypress_runner.js:149934:9)\n    at throwErr (http://localhost:37755/__cypress/runner/cypress_runner.js:149867:11)\n    at Object.throwErrByPath (http://localhost:37755/__cypress/runner/cypress_runner.js:149915:3)\n    at retry (http://localhost:37755/__cypress/runner/cypress_runner.js:144197:19)\n    at onFailFn (http://localhost:37755/__cypress/runner/cypress_runner.js:132448:16)\n    at tryCatcher (http://localhost:37755/__cypress/runner/cypress_runner.js:167415:23)\n    at Promise._settlePromiseFromHandler (http://localhost:37755/__cypress/runner/cypress_runner.js:165351:31)\n    at Promise._settlePromise (http://localhost:37755/__cypress/runner/cypress_runner.js:165408:18)\n    at Promise._settlePromise0 (http://localhost:37755/__cypress/runner/cypress_runner.js:165453:10)\n    at Promise._settlePromises (http://localhost:37755/__cypress/runner/cypress_runner.js:165528:18)\n    at Async../node_modules/bluebird/js/release/async.js.Async._drainQueue (http://localhost:37755/__cypress/runner/cypress_runner.js:162140:16)\n    at Async../node_modules/bluebird/js/release/async.js.Async._drainQueues (http://localhost:37755/__cypress/runner/cypress_runner.js:162150:10)\n    at Async.drainQueues (http://localhost:37755/__cypress/runner/cypress_runner.js:162024:14)",
                "diff": null
              },
              "uuid": "bc78e580-eb4c-463b-9156-d18c48f46b40",
              "parentUUID": "f3a57496-6b55-4b6d-b80f-5f1ad2243055",
              "isHook": false,
              "skipped": false
            }
          ],
          "suites": [],
          "passes": [],
          "failures": [
            "30d714bf-529a-4af7-aab5-1006a1fe1844",
            "6488c844-fb28-4596-8d0a-2110cb5bcb3b",
            "e229f0e3-96d5-4630-b8a4-c29b1def8217",
            "8fb99282-eab0-477d-a577-7d68546b4f12",
            "b2a749ec-a6bc-4340-a6e1-a1a20df23919",
            "b8a12ac3-60bc-4560-a7bc-74aa712f10df",
            "f7b05dfa-b178-4c11-9c97-929c492223c9",
            "c4860a78-d24d-43f1-bb56-f6841da92f22",
            "bc78e580-eb4c-463b-9156-d18c48f46b40"
          ],
          "pending": [],
          "skipped": [],
          "duration": 38326,
          "root": false,
          "rootEmpty": false,
          "_timeout": 2000
        },
        {
          "uuid": "2ec4c9ba-a99c-4f2b-a23c-cdb2857dd5e0",
          "title": "11 - Limite o tamanho mínimo e máximo do board.",
          "fullFile": "",
          "file": "",
          "beforeHooks": [],
          "afterHooks": [],
          "tests": [
            {
              "title": "Verifica se a altura máxima do board é 50",
              "fullTitle": "11 - Limite o tamanho mínimo e máximo do board. Verifica se a altura máxima do board é 50",
              "timedOut": null,
              "duration": 4283,
              "state": "failed",
              "speed": null,
              "pass": false,
              "fail": true,
              "pending": false,
              "context": null,
              "code": "cy.get('#board-size').clear().type(50);\ncy.get('#generate-board').click();\ncy.get('.pixel').should('have.length', 2500);",
              "err": {
                "message": "CypressError: Timed out retrying: Expected to find element: '#board-size', but never found it.",
                "estack": "CypressError: Timed out retrying: Expected to find element: '#board-size', but never found it.\n    at cypressErr (http://localhost:37755/__cypress/runner/cypress_runner.js:149934:9)\n    at throwErr (http://localhost:37755/__cypress/runner/cypress_runner.js:149867:11)\n    at Object.throwErrByPath (http://localhost:37755/__cypress/runner/cypress_runner.js:149915:3)\n    at retry (http://localhost:37755/__cypress/runner/cypress_runner.js:144197:19)\n    at onFailFn (http://localhost:37755/__cypress/runner/cypress_runner.js:132448:16)\n    at tryCatcher (http://localhost:37755/__cypress/runner/cypress_runner.js:167415:23)\n    at Promise._settlePromiseFromHandler (http://localhost:37755/__cypress/runner/cypress_runner.js:165351:31)\n    at Promise._settlePromise (http://localhost:37755/__cypress/runner/cypress_runner.js:165408:18)\n    at Promise._settlePromise0 (http://localhost:37755/__cypress/runner/cypress_runner.js:165453:10)\n    at Promise._settlePromises (http://localhost:37755/__cypress/runner/cypress_runner.js:165528:18)\n    at Async../node_modules/bluebird/js/release/async.js.Async._drainQueue (http://localhost:37755/__cypress/runner/cypress_runner.js:162140:16)\n    at Async../node_modules/bluebird/js/release/async.js.Async._drainQueues (http://localhost:37755/__cypress/runner/cypress_runner.js:162150:10)\n    at Async.drainQueues (http://localhost:37755/__cypress/runner/cypress_runner.js:162024:14)",
                "diff": null
              },
              "uuid": "a8da77ae-bcec-4c3d-8e48-c9c2016efb78",
              "parentUUID": "2ec4c9ba-a99c-4f2b-a23c-cdb2857dd5e0",
              "isHook": false,
              "skipped": false
            },
            {
              "title": "Verifica se a altura do board é 5 quando um valor menor é colocado no input",
              "fullTitle": "11 - Limite o tamanho mínimo e máximo do board. Verifica se a altura do board é 5 quando um valor menor é colocado no input",
              "timedOut": null,
              "duration": 4287,
              "state": "failed",
              "speed": null,
              "pass": false,
              "fail": true,
              "pending": false,
              "context": null,
              "code": "cy.get('#board-size').clear().type(4);\ncy.get('#generate-board').click();\ncy.get('.pixel').should('have.length', 25);",
              "err": {
                "message": "CypressError: Timed out retrying: Expected to find element: '#board-size', but never found it.",
                "estack": "CypressError: Timed out retrying: Expected to find element: '#board-size', but never found it.\n    at cypressErr (http://localhost:37755/__cypress/runner/cypress_runner.js:149934:9)\n    at throwErr (http://localhost:37755/__cypress/runner/cypress_runner.js:149867:11)\n    at Object.throwErrByPath (http://localhost:37755/__cypress/runner/cypress_runner.js:149915:3)\n    at retry (http://localhost:37755/__cypress/runner/cypress_runner.js:144197:19)\n    at onFailFn (http://localhost:37755/__cypress/runner/cypress_runner.js:132448:16)\n    at tryCatcher (http://localhost:37755/__cypress/runner/cypress_runner.js:167415:23)\n    at Promise._settlePromiseFromHandler (http://localhost:37755/__cypress/runner/cypress_runner.js:165351:31)\n    at Promise._settlePromise (http://localhost:37755/__cypress/runner/cypress_runner.js:165408:18)\n    at Promise._settlePromise0 (http://localhost:37755/__cypress/runner/cypress_runner.js:165453:10)\n    at Promise._settlePromises (http://localhost:37755/__cypress/runner/cypress_runner.js:165528:18)\n    at Async../node_modules/bluebird/js/release/async.js.Async._drainQueue (http://localhost:37755/__cypress/runner/cypress_runner.js:162140:16)\n    at Async../node_modules/bluebird/js/release/async.js.Async._drainQueues (http://localhost:37755/__cypress/runner/cypress_runner.js:162150:10)\n    at Async.drainQueues (http://localhost:37755/__cypress/runner/cypress_runner.js:162024:14)",
                "diff": null
              },
              "uuid": "2adbe8f0-fb6d-4fad-a367-763467a9dfda",
              "parentUUID": "2ec4c9ba-a99c-4f2b-a23c-cdb2857dd5e0",
              "isHook": false,
              "skipped": false
            },
            {
              "title": "Verifica se a altura do board é 50 quando um valor maior é colocado no input",
              "fullTitle": "11 - Limite o tamanho mínimo e máximo do board. Verifica se a altura do board é 50 quando um valor maior é colocado no input",
              "timedOut": null,
              "duration": 4334,
              "state": "failed",
              "speed": null,
              "pass": false,
              "fail": true,
              "pending": false,
              "context": null,
              "code": "cy.get('#board-size').clear().type(51);\ncy.get('#generate-board').click();\ncy.get('.pixel').should('have.length', 2500);",
              "err": {
                "message": "CypressError: Timed out retrying: Expected to find element: '#board-size', but never found it.",
                "estack": "CypressError: Timed out retrying: Expected to find element: '#board-size', but never found it.\n    at cypressErr (http://localhost:37755/__cypress/runner/cypress_runner.js:149934:9)\n    at throwErr (http://localhost:37755/__cypress/runner/cypress_runner.js:149867:11)\n    at Object.throwErrByPath (http://localhost:37755/__cypress/runner/cypress_runner.js:149915:3)\n    at retry (http://localhost:37755/__cypress/runner/cypress_runner.js:144197:19)\n    at onFailFn (http://localhost:37755/__cypress/runner/cypress_runner.js:132448:16)\n    at tryCatcher (http://localhost:37755/__cypress/runner/cypress_runner.js:167415:23)\n    at Promise._settlePromiseFromHandler (http://localhost:37755/__cypress/runner/cypress_runner.js:165351:31)\n    at Promise._settlePromise (http://localhost:37755/__cypress/runner/cypress_runner.js:165408:18)\n    at Promise._settlePromise0 (http://localhost:37755/__cypress/runner/cypress_runner.js:165453:10)\n    at Promise._settlePromises (http://localhost:37755/__cypress/runner/cypress_runner.js:165528:18)\n    at Async../node_modules/bluebird/js/release/async.js.Async._drainQueue (http://localhost:37755/__cypress/runner/cypress_runner.js:162140:16)\n    at Async../node_modules/bluebird/js/release/async.js.Async._drainQueues (http://localhost:37755/__cypress/runner/cypress_runner.js:162150:10)\n    at Async.drainQueues (http://localhost:37755/__cypress/runner/cypress_runner.js:162024:14)",
                "diff": null
              },
              "uuid": "1027679b-ac76-4024-b451-731c7c6da116",
              "parentUUID": "2ec4c9ba-a99c-4f2b-a23c-cdb2857dd5e0",
              "isHook": false,
              "skipped": false
            }
          ],
          "suites": [],
          "passes": [],
          "failures": [
            "a8da77ae-bcec-4c3d-8e48-c9c2016efb78",
            "2adbe8f0-fb6d-4fad-a367-763467a9dfda",
            "1027679b-ac76-4024-b451-731c7c6da116"
          ],
          "pending": [],
          "skipped": [],
          "duration": 12904,
          "root": false,
          "rootEmpty": false,
          "_timeout": 2000
        },
        {
          "uuid": "a96c94a1-18f7-4873-af58-d4c6d31c6fc6",
          "title": "12 - Faça com que as cores da paleta sejam geradas aleatoriamente ao carregar a página.",
          "fullFile": "",
          "file": "",
          "beforeHooks": [],
          "afterHooks": [],
          "tests": [
            {
              "title": "Verifica se as cores geradas na paleta são diferentes a cada carregamento da página",
              "fullTitle": "12 - Faça com que as cores da paleta sejam geradas aleatoriamente ao carregar a página. Verifica se as cores geradas na paleta são diferentes a cada carregamento da página",
              "timedOut": null,
              "duration": 391,
              "state": "failed",
              "speed": null,
              "pass": false,
              "fail": true,
              "pending": false,
              "context": null,
              "code": "cy.get('.color').then(function (colors) {\n  var currentColors;\n  var previousColors;\n  previousColors = Array.from(colors).map(function (color) {\n    return Cypress.$(color).css('background-color');\n  });\n  for (var i = 0; i < 5; i += 1) {\n    cy.reload();\n    cy.get('.color').then(function (colors) {\n      currentColors = Array.from(colors).map(function (color) {\n        return Cypress.$(color).css('background-color');\n      });\n      expect(currentColors).not.to.deep.equal(previousColors);\n      previousColors = currentColors;\n    });\n  }\n});",
              "err": {
                "message": "AssertionError: expected [ Array(4) ] to not deeply equal [ Array(4) ]",
                "estack": "AssertionError: expected [ Array(4) ] to not deeply equal [ Array(4) ]\n    at getRet (http://localhost:37755/__cypress/runner/cypress_runner.js:136585:16)\n    at tryCatcher (http://localhost:37755/__cypress/runner/cypress_runner.js:167415:23)\n    at Function.Promise.attempt.Promise.try (http://localhost:37755/__cypress/runner/cypress_runner.js:164690:29)\n    at Context.thenFn (http://localhost:37755/__cypress/runner/cypress_runner.js:136599:23)\n    at Context.then (http://localhost:37755/__cypress/runner/cypress_runner.js:136971:21)\n    at Context.<anonymous> (http://localhost:37755/__cypress/runner/cypress_runner.js:148875:21)\n    at http://localhost:37755/__cypress/runner/cypress_runner.js:148351:33\n    at tryCatcher (http://localhost:37755/__cypress/runner/cypress_runner.js:167415:23)\n    at Promise._settlePromiseFromHandler (http://localhost:37755/__cypress/runner/cypress_runner.js:165351:31)\n    at Promise._settlePromise (http://localhost:37755/__cypress/runner/cypress_runner.js:165408:18)\n    at Promise._settlePromiseCtx (http://localhost:37755/__cypress/runner/cypress_runner.js:165445:10)\n    at Async../node_modules/bluebird/js/release/async.js.Async._drainQueue (http://localhost:37755/__cypress/runner/cypress_runner.js:162145:12)\n    at Async../node_modules/bluebird/js/release/async.js.Async._drainQueues (http://localhost:37755/__cypress/runner/cypress_runner.js:162150:10)\n    at Async.drainQueues (http://localhost:37755/__cypress/runner/cypress_runner.js:162024:14)",
                "diff": ""
              },
              "uuid": "bb7f7eac-3249-4e07-bed7-1a206a472dd0",
              "parentUUID": "a96c94a1-18f7-4873-af58-d4c6d31c6fc6",
              "isHook": false,
              "skipped": false
            },
            {
              "title": "Verifica se a cor preta ainda está presente e é a primeira na sua paleta de cores",
              "fullTitle": "12 - Faça com que as cores da paleta sejam geradas aleatoriamente ao carregar a página. Verifica se a cor preta ainda está presente e é a primeira na sua paleta de cores",
              "timedOut": null,
              "duration": 280,
              "state": "failed",
              "speed": null,
              "pass": false,
              "fail": true,
              "pending": false,
              "context": null,
              "code": "cy.get('.color').then(function (colors) {\n  var currentColors;\n  var previousColors;\n  previousColors = Array.from(colors).map(function (color) {\n    return Cypress.$(color).css('background-color');\n  });\n  expect(previousColors[0]).to.eq(BLACK);\n  for (var i = 0; i < 5; i += 1) {\n    cy.reload();\n    cy.get('.color').then(function (colors) {\n      currentColors = Array.from(colors).map(function (color) {\n        return Cypress.$(color).css('background-color');\n      });\n      expect(currentColors[0]).to.eq(BLACK);\n      expect(currentColors).not.to.deep.equal(previousColors);\n      previousColors = currentColors;\n    });\n  }\n});",
              "err": {
                "message": "AssertionError: expected [ Array(4) ] to not deeply equal [ Array(4) ]",
                "estack": "AssertionError: expected [ Array(4) ] to not deeply equal [ Array(4) ]\n    at getRet (http://localhost:37755/__cypress/runner/cypress_runner.js:136585:16)\n    at tryCatcher (http://localhost:37755/__cypress/runner/cypress_runner.js:167415:23)\n    at Function.Promise.attempt.Promise.try (http://localhost:37755/__cypress/runner/cypress_runner.js:164690:29)\n    at Context.thenFn (http://localhost:37755/__cypress/runner/cypress_runner.js:136599:23)\n    at Context.then (http://localhost:37755/__cypress/runner/cypress_runner.js:136971:21)\n    at Context.<anonymous> (http://localhost:37755/__cypress/runner/cypress_runner.js:148875:21)\n    at http://localhost:37755/__cypress/runner/cypress_runner.js:148351:33\n    at tryCatcher (http://localhost:37755/__cypress/runner/cypress_runner.js:167415:23)\n    at Promise._settlePromiseFromHandler (http://localhost:37755/__cypress/runner/cypress_runner.js:165351:31)\n    at Promise._settlePromise (http://localhost:37755/__cypress/runner/cypress_runner.js:165408:18)\n    at Promise._settlePromiseCtx (http://localhost:37755/__cypress/runner/cypress_runner.js:165445:10)\n    at Async../node_modules/bluebird/js/release/async.js.Async._drainQueue (http://localhost:37755/__cypress/runner/cypress_runner.js:162145:12)\n    at Async../node_modules/bluebird/js/release/async.js.Async._drainQueues (http://localhost:37755/__cypress/runner/cypress_runner.js:162150:10)\n    at Async.drainQueues (http://localhost:37755/__cypress/runner/cypress_runner.js:162024:14)",
                "diff": ""
              },
              "uuid": "68110bf2-bd6f-454f-9f00-75a548e0f066",
              "parentUUID": "a96c94a1-18f7-4873-af58-d4c6d31c6fc6",
              "isHook": false,
              "skipped": false
            }
          ],
          "suites": [],
          "passes": [],
          "failures": [
            "bb7f7eac-3249-4e07-bed7-1a206a472dd0",
            "68110bf2-bd6f-454f-9f00-75a548e0f066"
          ],
          "pending": [],
          "skipped": [],
          "duration": 671,
          "root": false,
          "rootEmpty": false,
          "_timeout": 2000
        }
      ],
      "passes": [],
      "failures": [],
      "pending": [],
      "skipped": [],
      "duration": 0,
      "root": true,
      "rootEmpty": true,
      "_timeout": 2000
    }
  ],
  "meta": {
    "mocha": {
      "version": "7.0.1"
    },
    "mochawesome": {
      "options": {
        "quiet": false,
        "reportFilename": "mochawesome",
        "saveHtml": false,
        "saveJson": true,
        "consoleReporter": "spec",
        "useInlineDiffs": false
      },
      "version": "4.1.0"
    },
    "marge": {
      "options": {
        "id": "default",
        "reportDir": "cypress/reports",
        "overwrite": true,
        "html": false,
        "json": true
      },
      "version": "4.1.0"
    }
  }
}