{"total": {"lines":{"total":24,"covered":24,"skipped":0,"pct":100},"statements":{"total":24,"covered":24,"skipped":0,"pct":100},"functions":{"total":9,"covered":9,"skipped":0,"pct":100},"branches":{"total":8,"covered":4,"skipped":0,"pct":50}}
,"/home/guilhermeduarte/projetos/sd-016-a-project-shopping-cart/helpers/fetchItem.js": {"lines":{"total":8,"covered":8,"skipped":0,"pct":100},"functions":{"total":4,"covered":4,"skipped":0,"pct":100},"statements":{"total":8,"covered":8,"skipped":0,"pct":100},"branches":{"total":2,"covered":1,"skipped":0,"pct":50}}
,"/home/guilhermeduarte/projetos/sd-016-a-project-shopping-cart/helpers/fetchProducts.js": {"lines":{"total":7,"covered":7,"skipped":0,"pct":100},"functions":{"total":3,"covered":3,"skipped":0,"pct":100},"statements":{"total":7,"covered":7,"skipped":0,"pct":100},"branches":{"total":2,"covered":1,"skipped":0,"pct":50}}
,"/home/guilhermeduarte/projetos/sd-016-a-project-shopping-cart/helpers/getSavedCartItems.js": {"lines":{"total":5,"covered":5,"skipped":0,"pct":100},"functions":{"total":1,"covered":1,"skipped":0,"pct":100},"statements":{"total":5,"covered":5,"skipped":0,"pct":100},"branches":{"total":2,"covered":1,"skipped":0,"pct":50}}
,"/home/guilhermeduarte/projetos/sd-016-a-project-shopping-cart/helpers/saveCartItems.js": {"lines":{"total":4,"covered":4,"skipped":0,"pct":100},"functions":{"total":1,"covered":1,"skipped":0,"pct":100},"statements":{"total":4,"covered":4,"skipped":0,"pct":100},"branches":{"total":2,"covered":1,"skipped":0,"pct":50}}
}
